{"/Users/garrettflynn/Documents/Github/nwb-guide/schemas/base-metadata.schema.ts": {"path":"/Users/garrettflynn/Documents/Github/nwb-guide/schemas/base-metadata.schema.ts","all":false,"statementMap":{"0":{"start":{"line":1,"column":0},"end":{"line":1,"column":89}},"1":{"start":{"line":2,"column":0},"end":{"line":2,"column":0}},"2":{"start":{"line":3,"column":0},"end":{"line":3,"column":89}},"3":{"start":{"line":4,"column":0},"end":{"line":4,"column":0}},"4":{"start":{"line":5,"column":0},"end":{"line":5,"column":0}},"5":{"start":{"line":6,"column":0},"end":{"line":6,"column":33}}},"s":{"0":1,"1":1,"2":1,"3":1,"4":1,"5":1},"branchMap":{},"b":{},"fnMap":{},"f":{}}
,"/Users/garrettflynn/Documents/Github/nwb-guide/src/renderer/src/globals.js": {"path":"/Users/garrettflynn/Documents/Github/nwb-guide/src/renderer/src/globals.js","all":false,"statementMap":{"0":{"start":{"line":1,"column":0},"end":{"line":1,"column":65}},"1":{"start":{"line":2,"column":0},"end":{"line":2,"column":0}},"2":{"start":{"line":3,"column":0},"end":{"line":3,"column":67}},"3":{"start":{"line":4,"column":0},"end":{"line":4,"column":0}},"4":{"start":{"line":5,"column":0},"end":{"line":5,"column":103}},"5":{"start":{"line":6,"column":0},"end":{"line":6,"column":0}},"6":{"start":{"line":7,"column":0},"end":{"line":7,"column":32}},"7":{"start":{"line":8,"column":0},"end":{"line":8,"column":49}},"8":{"start":{"line":9,"column":0},"end":{"line":9,"column":45}},"9":{"start":{"line":10,"column":0},"end":{"line":10,"column":2}},"10":{"start":{"line":11,"column":0},"end":{"line":11,"column":0}},"11":{"start":{"line":12,"column":0},"end":{"line":12,"column":37}},"12":{"start":{"line":13,"column":0},"end":{"line":13,"column":50}},"13":{"start":{"line":14,"column":0},"end":{"line":14,"column":0}},"14":{"start":{"line":15,"column":0},"end":{"line":15,"column":76}}},"s":{"0":1,"1":1,"2":1,"3":1,"4":1,"5":1,"6":1,"7":0,"8":0,"9":0,"10":1,"11":1,"12":1,"13":1,"14":1},"branchMap":{},"b":{},"fnMap":{"0":{"name":"joinPath","decl":{"start":{"line":5,"column":24},"end":{"line":5,"column":102}},"loc":{"start":{"line":5,"column":24},"end":{"line":5,"column":102}},"line":5},"1":{"name":"runOnLoad","decl":{"start":{"line":7,"column":23},"end":{"line":10,"column":2}},"loc":{"start":{"line":7,"column":23},"end":{"line":10,"column":2}},"line":7}},"f":{"0":0,"1":0}}
,"/Users/garrettflynn/Documents/Github/nwb-guide/src/renderer/src/promises.ts": {"path":"/Users/garrettflynn/Documents/Github/nwb-guide/src/renderer/src/promises.ts","all":false,"statementMap":{"0":{"start":{"line":1,"column":0},"end":{"line":1,"column":41}},"1":{"start":{"line":2,"column":0},"end":{"line":2,"column":0}},"2":{"start":{"line":3,"column":0},"end":{"line":3,"column":57}},"3":{"start":{"line":4,"column":0},"end":{"line":4,"column":0}},"4":{"start":{"line":5,"column":0},"end":{"line":5,"column":102}},"5":{"start":{"line":6,"column":0},"end":{"line":6,"column":0}},"6":{"start":{"line":7,"column":0},"end":{"line":7,"column":142}},"7":{"start":{"line":8,"column":0},"end":{"line":8,"column":0}},"8":{"start":{"line":9,"column":0},"end":{"line":9,"column":184}}},"s":{"0":1,"1":1,"2":1,"3":1,"4":1,"5":1,"6":1,"7":1,"8":1},"branchMap":{"0":{"type":"branch","line":5,"loc":{"start":{"line":5,"column":25},"end":{"line":5,"column":102}},"locations":[{"start":{"line":5,"column":25},"end":{"line":5,"column":102}}]},"1":{"type":"branch","line":5,"loc":{"start":{"line":5,"column":62},"end":{"line":5,"column":102}},"locations":[{"start":{"line":5,"column":62},"end":{"line":5,"column":102}}]},"2":{"type":"branch","line":7,"loc":{"start":{"line":7,"column":23},"end":{"line":7,"column":142}},"locations":[{"start":{"line":7,"column":23},"end":{"line":7,"column":142}}]},"3":{"type":"branch","line":7,"loc":{"start":{"line":7,"column":87},"end":{"line":7,"column":131}},"locations":[{"start":{"line":7,"column":87},"end":{"line":7,"column":131}}]},"4":{"type":"branch","line":7,"loc":{"start":{"line":7,"column":127},"end":{"line":7,"column":142}},"locations":[{"start":{"line":7,"column":127},"end":{"line":7,"column":142}}]},"5":{"type":"branch","line":7,"loc":{"start":{"line":7,"column":99},"end":{"line":7,"column":127}},"locations":[{"start":{"line":7,"column":99},"end":{"line":7,"column":127}}]},"6":{"type":"branch","line":9,"loc":{"start":{"line":9,"column":26},"end":{"line":9,"column":184}},"locations":[{"start":{"line":9,"column":26},"end":{"line":9,"column":184}}]},"7":{"type":"branch","line":9,"loc":{"start":{"line":9,"column":107},"end":{"line":9,"column":171}},"locations":[{"start":{"line":9,"column":107},"end":{"line":9,"column":171}}]},"8":{"type":"branch","line":9,"loc":{"start":{"line":9,"column":90},"end":{"line":9,"column":107}},"locations":[{"start":{"line":9,"column":90},"end":{"line":9,"column":107}}]}},"b":{"0":[21],"1":[11],"2":[9],"3":[1],"4":[8],"5":[1],"6":[10],"7":[0],"8":[12]},"fnMap":{"0":{"name":"isPromise","decl":{"start":{"line":5,"column":25},"end":{"line":5,"column":102}},"loc":{"start":{"line":5,"column":25},"end":{"line":5,"column":102}},"line":5},"1":{"name":"resolve","decl":{"start":{"line":7,"column":23},"end":{"line":7,"column":142}},"loc":{"start":{"line":7,"column":23},"end":{"line":7,"column":142}},"line":7},"2":{"name":"resolveAll","decl":{"start":{"line":9,"column":26},"end":{"line":9,"column":184}},"loc":{"start":{"line":9,"column":26},"end":{"line":9,"column":184}},"line":9}},"f":{"0":21,"1":9,"2":10}}
,"/Users/garrettflynn/Documents/Github/nwb-guide/src/renderer/src/electron/check.js": {"path":"/Users/garrettflynn/Documents/Github/nwb-guide/src/renderer/src/electron/check.js","all":false,"statementMap":{"0":{"start":{"line":1,"column":0},"end":{"line":1,"column":50}},"1":{"start":{"line":2,"column":0},"end":{"line":2,"column":63}},"2":{"start":{"line":3,"column":0},"end":{"line":3,"column":0}},"3":{"start":{"line":4,"column":0},"end":{"line":4,"column":26}}},"s":{"0":1,"1":1,"2":1,"3":1},"branchMap":{},"b":{},"fnMap":{},"f":{}}
,"/Users/garrettflynn/Documents/Github/nwb-guide/src/renderer/src/electron/index.js": {"path":"/Users/garrettflynn/Documents/Github/nwb-guide/src/renderer/src/electron/index.js","all":false,"statementMap":{"0":{"start":{"line":1,"column":0},"end":{"line":1,"column":61}},"1":{"start":{"line":2,"column":0},"end":{"line":2,"column":0}},"2":{"start":{"line":3,"column":0},"end":{"line":3,"column":22}},"3":{"start":{"line":4,"column":0},"end":{"line":4,"column":0}},"4":{"start":{"line":5,"column":0},"end":{"line":5,"column":23}},"5":{"start":{"line":6,"column":0},"end":{"line":6,"column":25}},"6":{"start":{"line":7,"column":0},"end":{"line":7,"column":21}},"7":{"start":{"line":8,"column":0},"end":{"line":8,"column":21}},"8":{"start":{"line":9,"column":0},"end":{"line":9,"column":23}},"9":{"start":{"line":10,"column":0},"end":{"line":10,"column":22}},"10":{"start":{"line":11,"column":0},"end":{"line":11,"column":23}},"11":{"start":{"line":12,"column":0},"end":{"line":12,"column":22}},"12":{"start":{"line":13,"column":0},"end":{"line":13,"column":0}},"13":{"start":{"line":14,"column":0},"end":{"line":14,"column":17}},"14":{"start":{"line":15,"column":0},"end":{"line":15,"column":9}},"15":{"start":{"line":16,"column":0},"end":{"line":16,"column":30}},"16":{"start":{"line":17,"column":0},"end":{"line":17,"column":75}},"17":{"start":{"line":18,"column":0},"end":{"line":18,"column":48}},"18":{"start":{"line":19,"column":0},"end":{"line":19,"column":27}},"19":{"start":{"line":20,"column":0},"end":{"line":20,"column":0}},"20":{"start":{"line":21,"column":0},"end":{"line":21,"column":38}},"21":{"start":{"line":22,"column":0},"end":{"line":22,"column":0}},"22":{"start":{"line":23,"column":0},"end":{"line":23,"column":45}},"23":{"start":{"line":24,"column":0},"end":{"line":24,"column":25}},"24":{"start":{"line":25,"column":0},"end":{"line":25,"column":0}},"25":{"start":{"line":26,"column":0},"end":{"line":26,"column":57}},"26":{"start":{"line":27,"column":0},"end":{"line":27,"column":84}},"27":{"start":{"line":28,"column":0},"end":{"line":28,"column":0}},"28":{"start":{"line":29,"column":0},"end":{"line":29,"column":31}},"29":{"start":{"line":30,"column":0},"end":{"line":30,"column":17}},"30":{"start":{"line":31,"column":0},"end":{"line":31,"column":57}},"31":{"start":{"line":32,"column":0},"end":{"line":32,"column":5}},"32":{"start":{"line":33,"column":0},"end":{"line":33,"column":62}}},"s":{"0":1,"1":1,"2":1,"3":1,"4":1,"5":1,"6":1,"7":1,"8":1,"9":1,"10":1,"11":1,"12":1,"13":1,"14":0,"15":0,"16":0,"17":0,"18":0,"19":0,"20":0,"21":0,"22":0,"23":0,"24":0,"25":0,"26":0,"27":0,"28":0,"29":0,"30":0,"31":0,"32":1},"branchMap":{"0":{"type":"branch","line":14,"loc":{"start":{"line":14,"column":16},"end":{"line":33,"column":2}},"locations":[{"start":{"line":14,"column":16},"end":{"line":33,"column":2}}]}},"b":{"0":[0]},"fnMap":{},"f":{}}
,"/Users/garrettflynn/Documents/Github/nwb-guide/src/renderer/src/stories/Accordion.js": {"path":"/Users/garrettflynn/Documents/Github/nwb-guide/src/renderer/src/stories/Accordion.js","all":false,"statementMap":{"0":{"start":{"line":1,"column":0},"end":{"line":1,"column":78}},"1":{"start":{"line":2,"column":0},"end":{"line":2,"column":8}},"2":{"start":{"line":3,"column":0},"end":{"line":3,"column":20}},"3":{"start":{"line":4,"column":0},"end":{"line":4,"column":13}},"4":{"start":{"line":5,"column":0},"end":{"line":5,"column":16}},"5":{"start":{"line":6,"column":0},"end":{"line":6,"column":15}},"6":{"start":{"line":7,"column":0},"end":{"line":7,"column":18}},"7":{"start":{"line":8,"column":0},"end":{"line":8,"column":15}},"8":{"start":{"line":9,"column":0},"end":{"line":9,"column":18}},"9":{"start":{"line":10,"column":0},"end":{"line":10,"column":46}},"10":{"start":{"line":11,"column":0},"end":{"line":11,"column":0}},"11":{"start":{"line":12,"column":0},"end":{"line":12,"column":63}},"12":{"start":{"line":13,"column":0},"end":{"line":13,"column":0}},"13":{"start":{"line":14,"column":0},"end":{"line":14,"column":21}},"14":{"start":{"line":15,"column":0},"end":{"line":15,"column":0}},"15":{"start":{"line":16,"column":0},"end":{"line":16,"column":21}},"16":{"start":{"line":17,"column":0},"end":{"line":17,"column":26}},"17":{"start":{"line":18,"column":0},"end":{"line":18,"column":0}},"18":{"start":{"line":19,"column":0},"end":{"line":19,"column":43}},"19":{"start":{"line":20,"column":0},"end":{"line":20,"column":25}},"20":{"start":{"line":21,"column":0},"end":{"line":21,"column":19}},"21":{"start":{"line":22,"column":0},"end":{"line":22,"column":15}},"22":{"start":{"line":23,"column":0},"end":{"line":23,"column":39}},"23":{"start":{"line":24,"column":0},"end":{"line":24,"column":13}},"24":{"start":{"line":25,"column":0},"end":{"line":25,"column":0}},"25":{"start":{"line":26,"column":0},"end":{"line":26,"column":21}},"26":{"start":{"line":27,"column":0},"end":{"line":27,"column":30}},"27":{"start":{"line":28,"column":0},"end":{"line":28,"column":33}},"28":{"start":{"line":29,"column":0},"end":{"line":29,"column":34}},"29":{"start":{"line":30,"column":0},"end":{"line":30,"column":36}},"30":{"start":{"line":31,"column":0},"end":{"line":31,"column":13}},"31":{"start":{"line":32,"column":0},"end":{"line":32,"column":0}},"32":{"start":{"line":33,"column":0},"end":{"line":33,"column":25}},"33":{"start":{"line":34,"column":0},"end":{"line":34,"column":37}},"34":{"start":{"line":35,"column":0},"end":{"line":35,"column":26}},"35":{"start":{"line":36,"column":0},"end":{"line":36,"column":27}},"36":{"start":{"line":37,"column":0},"end":{"line":37,"column":13}},"37":{"start":{"line":38,"column":0},"end":{"line":38,"column":0}},"38":{"start":{"line":39,"column":0},"end":{"line":39,"column":37}},"39":{"start":{"line":40,"column":0},"end":{"line":40,"column":33}},"40":{"start":{"line":41,"column":0},"end":{"line":41,"column":34}},"41":{"start":{"line":42,"column":0},"end":{"line":42,"column":35}},"42":{"start":{"line":43,"column":0},"end":{"line":43,"column":13}},"43":{"start":{"line":44,"column":0},"end":{"line":44,"column":0}},"44":{"start":{"line":45,"column":0},"end":{"line":45,"column":38}},"45":{"start":{"line":46,"column":0},"end":{"line":46,"column":36}},"46":{"start":{"line":47,"column":0},"end":{"line":47,"column":13}},"47":{"start":{"line":48,"column":0},"end":{"line":48,"column":0}},"48":{"start":{"line":49,"column":0},"end":{"line":49,"column":25}},"49":{"start":{"line":50,"column":0},"end":{"line":50,"column":29}},"50":{"start":{"line":51,"column":0},"end":{"line":51,"column":13}},"51":{"start":{"line":52,"column":0},"end":{"line":52,"column":0}},"52":{"start":{"line":53,"column":0},"end":{"line":53,"column":38}},"53":{"start":{"line":54,"column":0},"end":{"line":54,"column":30}},"54":{"start":{"line":55,"column":0},"end":{"line":55,"column":39}},"55":{"start":{"line":56,"column":0},"end":{"line":56,"column":40}},"56":{"start":{"line":57,"column":0},"end":{"line":57,"column":40}},"57":{"start":{"line":58,"column":0},"end":{"line":58,"column":28}},"58":{"start":{"line":59,"column":0},"end":{"line":59,"column":29}},"59":{"start":{"line":60,"column":0},"end":{"line":60,"column":13}},"60":{"start":{"line":61,"column":0},"end":{"line":61,"column":0}},"61":{"start":{"line":62,"column":0},"end":{"line":62,"column":42}},"62":{"start":{"line":63,"column":0},"end":{"line":63,"column":34}},"63":{"start":{"line":64,"column":0},"end":{"line":64,"column":13}},"64":{"start":{"line":65,"column":0},"end":{"line":65,"column":0}},"65":{"start":{"line":66,"column":0},"end":{"line":66,"column":22}},"66":{"start":{"line":67,"column":0},"end":{"line":67,"column":28}},"67":{"start":{"line":68,"column":0},"end":{"line":68,"column":13}},"68":{"start":{"line":69,"column":0},"end":{"line":69,"column":0}},"69":{"start":{"line":70,"column":0},"end":{"line":70,"column":39}},"70":{"start":{"line":71,"column":0},"end":{"line":71,"column":35}},"71":{"start":{"line":72,"column":0},"end":{"line":72,"column":33}},"72":{"start":{"line":73,"column":0},"end":{"line":73,"column":28}},"73":{"start":{"line":74,"column":0},"end":{"line":74,"column":30}},"74":{"start":{"line":75,"column":0},"end":{"line":75,"column":36}},"75":{"start":{"line":76,"column":0},"end":{"line":76,"column":47}},"76":{"start":{"line":77,"column":0},"end":{"line":77,"column":34}},"77":{"start":{"line":78,"column":0},"end":{"line":78,"column":34}},"78":{"start":{"line":79,"column":0},"end":{"line":79,"column":53}},"79":{"start":{"line":80,"column":0},"end":{"line":80,"column":46}},"80":{"start":{"line":81,"column":0},"end":{"line":81,"column":13}},"81":{"start":{"line":82,"column":0},"end":{"line":82,"column":0}},"82":{"start":{"line":83,"column":0},"end":{"line":83,"column":46}},"83":{"start":{"line":84,"column":0},"end":{"line":84,"column":36}},"84":{"start":{"line":85,"column":0},"end":{"line":85,"column":13}},"85":{"start":{"line":86,"column":0},"end":{"line":86,"column":0}},"86":{"start":{"line":87,"column":0},"end":{"line":87,"column":77}},"87":{"start":{"line":88,"column":0},"end":{"line":88,"column":36}},"88":{"start":{"line":89,"column":0},"end":{"line":89,"column":13}},"89":{"start":{"line":90,"column":0},"end":{"line":90,"column":0}},"90":{"start":{"line":91,"column":0},"end":{"line":91,"column":45}},"91":{"start":{"line":92,"column":0},"end":{"line":92,"column":80}},"92":{"start":{"line":93,"column":0},"end":{"line":93,"column":13}},"93":{"start":{"line":94,"column":0},"end":{"line":94,"column":0}},"94":{"start":{"line":95,"column":0},"end":{"line":95,"column":47}},"95":{"start":{"line":96,"column":0},"end":{"line":96,"column":82}},"96":{"start":{"line":97,"column":0},"end":{"line":97,"column":13}},"97":{"start":{"line":98,"column":0},"end":{"line":98,"column":0}},"98":{"start":{"line":99,"column":0},"end":{"line":99,"column":45}},"99":{"start":{"line":100,"column":0},"end":{"line":100,"column":82}},"100":{"start":{"line":101,"column":0},"end":{"line":101,"column":13}},"101":{"start":{"line":102,"column":0},"end":{"line":102,"column":0}},"102":{"start":{"line":103,"column":0},"end":{"line":103,"column":39}},"103":{"start":{"line":104,"column":0},"end":{"line":104,"column":35}},"104":{"start":{"line":105,"column":0},"end":{"line":105,"column":13}},"105":{"start":{"line":106,"column":0},"end":{"line":106,"column":0}},"106":{"start":{"line":107,"column":0},"end":{"line":107,"column":46}},"107":{"start":{"line":108,"column":0},"end":{"line":108,"column":33}},"108":{"start":{"line":109,"column":0},"end":{"line":109,"column":35}},"109":{"start":{"line":110,"column":0},"end":{"line":110,"column":28}},"110":{"start":{"line":111,"column":0},"end":{"line":111,"column":59}},"111":{"start":{"line":112,"column":0},"end":{"line":112,"column":13}},"112":{"start":{"line":113,"column":0},"end":{"line":113,"column":0}},"113":{"start":{"line":114,"column":0},"end":{"line":114,"column":52}},"114":{"start":{"line":115,"column":0},"end":{"line":115,"column":42}},"115":{"start":{"line":116,"column":0},"end":{"line":116,"column":13}},"116":{"start":{"line":117,"column":0},"end":{"line":117,"column":0}},"117":{"start":{"line":118,"column":0},"end":{"line":118,"column":54}},"118":{"start":{"line":119,"column":0},"end":{"line":119,"column":44}},"119":{"start":{"line":120,"column":0},"end":{"line":120,"column":13}},"120":{"start":{"line":121,"column":0},"end":{"line":121,"column":0}},"121":{"start":{"line":122,"column":0},"end":{"line":122,"column":52}},"122":{"start":{"line":123,"column":0},"end":{"line":123,"column":44}},"123":{"start":{"line":124,"column":0},"end":{"line":124,"column":13}},"124":{"start":{"line":125,"column":0},"end":{"line":125,"column":0}},"125":{"start":{"line":126,"column":0},"end":{"line":126,"column":45}},"126":{"start":{"line":127,"column":0},"end":{"line":127,"column":32}},"127":{"start":{"line":128,"column":0},"end":{"line":128,"column":44}},"128":{"start":{"line":129,"column":0},"end":{"line":129,"column":13}},"129":{"start":{"line":130,"column":0},"end":{"line":130,"column":0}},"130":{"start":{"line":131,"column":0},"end":{"line":131,"column":43}},"131":{"start":{"line":132,"column":0},"end":{"line":132,"column":30}},"132":{"start":{"line":133,"column":0},"end":{"line":133,"column":43}},"133":{"start":{"line":134,"column":0},"end":{"line":134,"column":44}},"134":{"start":{"line":135,"column":0},"end":{"line":135,"column":34}},"135":{"start":{"line":136,"column":0},"end":{"line":136,"column":32}},"136":{"start":{"line":137,"column":0},"end":{"line":137,"column":34}},"137":{"start":{"line":138,"column":0},"end":{"line":138,"column":13}},"138":{"start":{"line":139,"column":0},"end":{"line":139,"column":0}},"139":{"start":{"line":140,"column":0},"end":{"line":140,"column":42}},"140":{"start":{"line":141,"column":0},"end":{"line":141,"column":28}},"141":{"start":{"line":142,"column":0},"end":{"line":142,"column":33}},"142":{"start":{"line":143,"column":0},"end":{"line":143,"column":34}},"143":{"start":{"line":144,"column":0},"end":{"line":144,"column":33}},"144":{"start":{"line":145,"column":0},"end":{"line":145,"column":13}},"145":{"start":{"line":146,"column":0},"end":{"line":146,"column":10}},"146":{"start":{"line":147,"column":0},"end":{"line":147,"column":5}},"147":{"start":{"line":148,"column":0},"end":{"line":148,"column":0}},"148":{"start":{"line":149,"column":0},"end":{"line":149,"column":29}},"149":{"start":{"line":150,"column":0},"end":{"line":150,"column":16}},"150":{"start":{"line":151,"column":0},"end":{"line":151,"column":55}},"151":{"start":{"line":152,"column":0},"end":{"line":152,"column":10}},"152":{"start":{"line":153,"column":0},"end":{"line":153,"column":5}},"153":{"start":{"line":154,"column":0},"end":{"line":154,"column":0}},"154":{"start":{"line":155,"column":0},"end":{"line":155,"column":57}},"155":{"start":{"line":156,"column":0},"end":{"line":156,"column":16}},"156":{"start":{"line":157,"column":0},"end":{"line":157,"column":33}},"157":{"start":{"line":158,"column":0},"end":{"line":158,"column":45}},"158":{"start":{"line":159,"column":0},"end":{"line":159,"column":5}},"159":{"start":{"line":160,"column":0},"end":{"line":160,"column":0}},"160":{"start":{"line":161,"column":0},"end":{"line":161,"column":15}},"161":{"start":{"line":162,"column":0},"end":{"line":162,"column":68}},"162":{"start":{"line":163,"column":0},"end":{"line":163,"column":39}},"163":{"start":{"line":164,"column":0},"end":{"line":164,"column":66}},"164":{"start":{"line":165,"column":0},"end":{"line":165,"column":58}},"165":{"start":{"line":166,"column":0},"end":{"line":166,"column":11}},"166":{"start":{"line":167,"column":0},"end":{"line":167,"column":5}},"167":{"start":{"line":168,"column":0},"end":{"line":168,"column":0}},"168":{"start":{"line":169,"column":0},"end":{"line":169,"column":49}},"169":{"start":{"line":170,"column":0},"end":{"line":170,"column":94}},"170":{"start":{"line":171,"column":0},"end":{"line":171,"column":57}},"171":{"start":{"line":172,"column":0},"end":{"line":172,"column":33}},"172":{"start":{"line":173,"column":0},"end":{"line":173,"column":51}},"173":{"start":{"line":174,"column":0},"end":{"line":174,"column":6}},"174":{"start":{"line":175,"column":0},"end":{"line":175,"column":0}},"175":{"start":{"line":176,"column":0},"end":{"line":176,"column":42}},"176":{"start":{"line":177,"column":0},"end":{"line":177,"column":0}},"177":{"start":{"line":178,"column":0},"end":{"line":178,"column":41}},"178":{"start":{"line":179,"column":0},"end":{"line":179,"column":59}},"179":{"start":{"line":180,"column":0},"end":{"line":180,"column":14}},"180":{"start":{"line":181,"column":0},"end":{"line":181,"column":49}},"181":{"start":{"line":182,"column":0},"end":{"line":182,"column":40}},"182":{"start":{"line":183,"column":0},"end":{"line":183,"column":9}},"183":{"start":{"line":184,"column":0},"end":{"line":184,"column":6}},"184":{"start":{"line":185,"column":0},"end":{"line":185,"column":0}},"185":{"start":{"line":186,"column":0},"end":{"line":186,"column":53}},"186":{"start":{"line":187,"column":0},"end":{"line":187,"column":51}},"187":{"start":{"line":188,"column":0},"end":{"line":188,"column":62}},"188":{"start":{"line":189,"column":0},"end":{"line":189,"column":0}},"189":{"start":{"line":190,"column":0},"end":{"line":190,"column":58}},"190":{"start":{"line":191,"column":0},"end":{"line":191,"column":0}},"191":{"start":{"line":192,"column":0},"end":{"line":192,"column":83}},"192":{"start":{"line":193,"column":0},"end":{"line":193,"column":94}},"193":{"start":{"line":194,"column":0},"end":{"line":194,"column":73}},"194":{"start":{"line":195,"column":0},"end":{"line":195,"column":0}},"195":{"start":{"line":196,"column":0},"end":{"line":196,"column":100}},"196":{"start":{"line":197,"column":0},"end":{"line":197,"column":54}},"197":{"start":{"line":198,"column":0},"end":{"line":198,"column":0}},"198":{"start":{"line":199,"column":0},"end":{"line":199,"column":28}},"199":{"start":{"line":200,"column":0},"end":{"line":200,"column":62}},"200":{"start":{"line":201,"column":0},"end":{"line":201,"column":55}},"201":{"start":{"line":202,"column":0},"end":{"line":202,"column":0}},"202":{"start":{"line":203,"column":0},"end":{"line":203,"column":48}},"203":{"start":{"line":204,"column":0},"end":{"line":204,"column":6}},"204":{"start":{"line":205,"column":0},"end":{"line":205,"column":0}},"205":{"start":{"line":206,"column":0},"end":{"line":206,"column":14}},"206":{"start":{"line":207,"column":0},"end":{"line":207,"column":20}},"207":{"start":{"line":208,"column":0},"end":{"line":208,"column":74}},"208":{"start":{"line":209,"column":0},"end":{"line":209,"column":47}},"209":{"start":{"line":210,"column":0},"end":{"line":210,"column":51}},"210":{"start":{"line":211,"column":0},"end":{"line":211,"column":36}},"211":{"start":{"line":212,"column":0},"end":{"line":212,"column":65}},"212":{"start":{"line":213,"column":0},"end":{"line":213,"column":36}},"213":{"start":{"line":214,"column":0},"end":{"line":214,"column":83}},"214":{"start":{"line":215,"column":0},"end":{"line":215,"column":68}},"215":{"start":{"line":216,"column":0},"end":{"line":216,"column":96}},"216":{"start":{"line":217,"column":0},"end":{"line":217,"column":33}},"217":{"start":{"line":218,"column":0},"end":{"line":218,"column":56}},"218":{"start":{"line":219,"column":0},"end":{"line":219,"column":67}},"219":{"start":{"line":220,"column":0},"end":{"line":220,"column":71}},"220":{"start":{"line":221,"column":0},"end":{"line":221,"column":42}},"221":{"start":{"line":222,"column":0},"end":{"line":222,"column":51}},"222":{"start":{"line":223,"column":0},"end":{"line":223,"column":59}},"223":{"start":{"line":224,"column":0},"end":{"line":224,"column":55}},"224":{"start":{"line":225,"column":0},"end":{"line":225,"column":53}},"225":{"start":{"line":226,"column":0},"end":{"line":226,"column":39}},"226":{"start":{"line":227,"column":0},"end":{"line":227,"column":38}},"227":{"start":{"line":228,"column":0},"end":{"line":228,"column":36}},"228":{"start":{"line":229,"column":0},"end":{"line":229,"column":65}},"229":{"start":{"line":230,"column":0},"end":{"line":230,"column":58}},"230":{"start":{"line":231,"column":0},"end":{"line":231,"column":85}},"231":{"start":{"line":232,"column":0},"end":{"line":232,"column":33}},"232":{"start":{"line":233,"column":0},"end":{"line":233,"column":51}},"233":{"start":{"line":234,"column":0},"end":{"line":234,"column":38}},"234":{"start":{"line":235,"column":0},"end":{"line":235,"column":34}},"235":{"start":{"line":236,"column":0},"end":{"line":236,"column":26}},"236":{"start":{"line":237,"column":0},"end":{"line":237,"column":22}},"237":{"start":{"line":238,"column":0},"end":{"line":238,"column":28}},"238":{"start":{"line":239,"column":0},"end":{"line":239,"column":17}},"239":{"start":{"line":240,"column":0},"end":{"line":240,"column":10}},"240":{"start":{"line":241,"column":0},"end":{"line":241,"column":5}},"241":{"start":{"line":242,"column":0},"end":{"line":242,"column":1}},"242":{"start":{"line":243,"column":0},"end":{"line":243,"column":0}},"243":{"start":{"line":244,"column":0},"end":{"line":244,"column":89}},"244":{"start":{"line":245,"column":0},"end":{"line":245,"column":0}},"245":{"start":{"line":246,"column":0},"end":{"line":246,"column":52}},"246":{"start":{"line":247,"column":0},"end":{"line":247,"column":0}},"247":{"start":{"line":248,"column":0},"end":{"line":248,"column":21}},"248":{"start":{"line":249,"column":0},"end":{"line":249,"column":36}},"249":{"start":{"line":250,"column":0},"end":{"line":250,"column":14}},"250":{"start":{"line":251,"column":0},"end":{"line":251,"column":37}},"251":{"start":{"line":252,"column":0},"end":{"line":252,"column":15}},"252":{"start":{"line":253,"column":0},"end":{"line":253,"column":59}},"253":{"start":{"line":254,"column":0},"end":{"line":254,"column":42}},"254":{"start":{"line":255,"column":0},"end":{"line":255,"column":8}},"255":{"start":{"line":256,"column":0},"end":{"line":256,"column":39}},"256":{"start":{"line":257,"column":0},"end":{"line":257,"column":6}},"257":{"start":{"line":258,"column":0},"end":{"line":258,"column":55}},"258":{"start":{"line":259,"column":0},"end":{"line":259,"column":33}},"259":{"start":{"line":260,"column":0},"end":{"line":260,"column":13}},"260":{"start":{"line":261,"column":0},"end":{"line":261,"column":11}},"261":{"start":{"line":262,"column":0},"end":{"line":262,"column":9}},"262":{"start":{"line":263,"column":0},"end":{"line":263,"column":4}},"263":{"start":{"line":264,"column":0},"end":{"line":264,"column":5}}},"s":{"0":1,"1":1,"2":1,"3":1,"4":1,"5":1,"6":1,"7":1,"8":1,"9":1,"10":1,"11":1,"12":1,"13":1,"14":1,"15":1,"16":1,"17":1,"18":1,"19":0,"20":1,"21":1,"22":1,"23":1,"24":1,"25":1,"26":1,"27":1,"28":1,"29":1,"30":1,"31":1,"32":1,"33":1,"34":1,"35":1,"36":1,"37":1,"38":1,"39":1,"40":1,"41":1,"42":1,"43":1,"44":1,"45":1,"46":1,"47":1,"48":1,"49":1,"50":1,"51":1,"52":1,"53":1,"54":1,"55":1,"56":1,"57":1,"58":1,"59":1,"60":1,"61":1,"62":1,"63":1,"64":1,"65":1,"66":1,"67":1,"68":1,"69":1,"70":1,"71":1,"72":1,"73":1,"74":1,"75":1,"76":1,"77":1,"78":1,"79":1,"80":1,"81":1,"82":1,"83":1,"84":1,"85":1,"86":1,"87":1,"88":1,"89":1,"90":1,"91":1,"92":1,"93":1,"94":1,"95":1,"96":1,"97":1,"98":1,"99":1,"100":1,"101":1,"102":1,"103":1,"104":1,"105":1,"106":1,"107":1,"108":1,"109":1,"110":1,"111":1,"112":1,"113":1,"114":1,"115":1,"116":1,"117":1,"118":1,"119":1,"120":1,"121":1,"122":1,"123":1,"124":1,"125":1,"126":1,"127":1,"128":1,"129":1,"130":1,"131":1,"132":1,"133":1,"134":1,"135":1,"136":1,"137":1,"138":1,"139":1,"140":1,"141":1,"142":1,"143":1,"144":1,"145":1,"146":1,"147":0,"148":0,"149":1,"150":1,"151":1,"152":1,"153":0,"154":0,"155":0,"156":0,"157":0,"158":0,"159":0,"160":0,"161":0,"162":0,"163":0,"164":0,"165":0,"166":0,"167":0,"168":0,"169":0,"170":0,"171":0,"172":0,"173":0,"174":0,"175":0,"176":0,"177":0,"178":0,"179":0,"180":0,"181":0,"182":0,"183":0,"184":0,"185":0,"186":0,"187":0,"188":0,"189":0,"190":0,"191":0,"192":0,"193":0,"194":0,"195":0,"196":0,"197":0,"198":0,"199":0,"200":0,"201":0,"202":0,"203":0,"204":0,"205":0,"206":0,"207":0,"208":0,"209":0,"210":0,"211":0,"212":0,"213":0,"214":0,"215":0,"216":0,"217":0,"218":0,"219":0,"220":0,"221":0,"222":0,"223":0,"224":0,"225":0,"226":0,"227":0,"228":0,"229":0,"230":0,"231":0,"232":0,"233":0,"234":0,"235":0,"236":0,"237":0,"238":0,"239":0,"240":0,"241":0,"242":1,"243":1,"244":1,"245":1,"246":1,"247":1,"248":1,"249":1,"250":1,"251":1,"252":1,"253":1,"254":1,"255":1,"256":1,"257":1,"258":1,"259":1,"260":1,"261":1,"262":1,"263":1},"branchMap":{"0":{"type":"branch","line":19,"loc":{"start":{"line":19,"column":7},"end":{"line":242,"column":1}},"locations":[{"start":{"line":19,"column":7},"end":{"line":242,"column":1}}]},"1":{"type":"branch","line":20,"loc":{"start":{"line":20,"column":11},"end":{"line":147,"column":5}},"locations":[{"start":{"line":20,"column":11},"end":{"line":147,"column":5}}]},"2":{"type":"branch","line":149,"loc":{"start":{"line":149,"column":11},"end":{"line":153,"column":5}},"locations":[{"start":{"line":149,"column":11},"end":{"line":153,"column":5}}]}},"b":{"0":[0],"1":[1],"2":[1]},"fnMap":{"0":{"name":"<instance_members_initializer>","decl":{"start":{"line":19,"column":7},"end":{"line":242,"column":1}},"loc":{"start":{"line":19,"column":7},"end":{"line":242,"column":1}},"line":19},"1":{"name":"get styles","decl":{"start":{"line":20,"column":11},"end":{"line":147,"column":5}},"loc":{"start":{"line":20,"column":11},"end":{"line":147,"column":5}},"line":20},"2":{"name":"get properties","decl":{"start":{"line":149,"column":11},"end":{"line":153,"column":5}},"loc":{"start":{"line":149,"column":11},"end":{"line":153,"column":5}},"line":149}},"f":{"0":0,"1":1,"2":1}}
,"/Users/garrettflynn/Documents/Github/nwb-guide/src/renderer/src/stories/BasicTable.js": {"path":"/Users/garrettflynn/Documents/Github/nwb-guide/src/renderer/src/stories/BasicTable.js","all":false,"statementMap":{"0":{"start":{"line":1,"column":0},"end":{"line":1,"column":67}},"1":{"start":{"line":2,"column":0},"end":{"line":2,"column":69}},"2":{"start":{"line":3,"column":0},"end":{"line":3,"column":66}},"3":{"start":{"line":4,"column":0},"end":{"line":4,"column":68}},"4":{"start":{"line":5,"column":0},"end":{"line":5,"column":76}},"5":{"start":{"line":6,"column":0},"end":{"line":6,"column":0}},"6":{"start":{"line":7,"column":0},"end":{"line":7,"column":58}},"7":{"start":{"line":8,"column":0},"end":{"line":8,"column":0}},"8":{"start":{"line":9,"column":0},"end":{"line":9,"column":45}},"9":{"start":{"line":10,"column":0},"end":{"line":10,"column":0}},"10":{"start":{"line":11,"column":0},"end":{"line":11,"column":44}},"11":{"start":{"line":12,"column":0},"end":{"line":12,"column":25}},"12":{"start":{"line":13,"column":0},"end":{"line":13,"column":19}},"13":{"start":{"line":14,"column":0},"end":{"line":14,"column":19}},"14":{"start":{"line":15,"column":0},"end":{"line":15,"column":28}},"15":{"start":{"line":16,"column":0},"end":{"line":16,"column":38}},"16":{"start":{"line":17,"column":0},"end":{"line":17,"column":40}},"17":{"start":{"line":18,"column":0},"end":{"line":18,"column":32}},"18":{"start":{"line":19,"column":0},"end":{"line":19,"column":39}},"19":{"start":{"line":20,"column":0},"end":{"line":20,"column":13}},"20":{"start":{"line":21,"column":0},"end":{"line":21,"column":0}},"21":{"start":{"line":22,"column":0},"end":{"line":22,"column":21}},"22":{"start":{"line":23,"column":0},"end":{"line":23,"column":67}},"23":{"start":{"line":24,"column":0},"end":{"line":24,"column":13}},"24":{"start":{"line":25,"column":0},"end":{"line":25,"column":0}},"25":{"start":{"line":26,"column":0},"end":{"line":26,"column":23}},"26":{"start":{"line":27,"column":0},"end":{"line":27,"column":69}},"27":{"start":{"line":28,"column":0},"end":{"line":28,"column":13}},"28":{"start":{"line":29,"column":0},"end":{"line":29,"column":0}},"29":{"start":{"line":30,"column":0},"end":{"line":30,"column":31}},"30":{"start":{"line":31,"column":0},"end":{"line":31,"column":30}},"31":{"start":{"line":32,"column":0},"end":{"line":32,"column":31}},"32":{"start":{"line":33,"column":0},"end":{"line":33,"column":13}},"33":{"start":{"line":34,"column":0},"end":{"line":34,"column":0}},"34":{"start":{"line":35,"column":0},"end":{"line":35,"column":30}},"35":{"start":{"line":36,"column":0},"end":{"line":36,"column":35}},"36":{"start":{"line":37,"column":0},"end":{"line":37,"column":31}},"37":{"start":{"line":38,"column":0},"end":{"line":38,"column":34}},"38":{"start":{"line":39,"column":0},"end":{"line":39,"column":13}},"39":{"start":{"line":40,"column":0},"end":{"line":40,"column":0}},"40":{"start":{"line":41,"column":0},"end":{"line":41,"column":19}},"41":{"start":{"line":42,"column":0},"end":{"line":42,"column":34}},"42":{"start":{"line":43,"column":0},"end":{"line":43,"column":28}},"43":{"start":{"line":44,"column":0},"end":{"line":44,"column":13}},"44":{"start":{"line":45,"column":0},"end":{"line":45,"column":0}},"45":{"start":{"line":46,"column":0},"end":{"line":46,"column":19}},"46":{"start":{"line":47,"column":0},"end":{"line":47,"column":33}},"47":{"start":{"line":48,"column":0},"end":{"line":48,"column":23}},"48":{"start":{"line":49,"column":0},"end":{"line":49,"column":24}},"49":{"start":{"line":50,"column":0},"end":{"line":50,"column":13}},"50":{"start":{"line":51,"column":0},"end":{"line":51,"column":0}},"51":{"start":{"line":52,"column":0},"end":{"line":52,"column":16}},"52":{"start":{"line":53,"column":0},"end":{"line":53,"column":41}},"53":{"start":{"line":54,"column":0},"end":{"line":54,"column":28}},"54":{"start":{"line":55,"column":0},"end":{"line":55,"column":33}},"55":{"start":{"line":56,"column":0},"end":{"line":56,"column":35}},"56":{"start":{"line":57,"column":0},"end":{"line":57,"column":36}},"57":{"start":{"line":58,"column":0},"end":{"line":58,"column":13}},"58":{"start":{"line":59,"column":0},"end":{"line":59,"column":0}},"59":{"start":{"line":60,"column":0},"end":{"line":60,"column":26}},"60":{"start":{"line":61,"column":0},"end":{"line":61,"column":35}},"61":{"start":{"line":62,"column":0},"end":{"line":62,"column":33}},"62":{"start":{"line":63,"column":0},"end":{"line":63,"column":34}},"63":{"start":{"line":64,"column":0},"end":{"line":64,"column":13}},"64":{"start":{"line":65,"column":0},"end":{"line":65,"column":0}},"65":{"start":{"line":66,"column":0},"end":{"line":66,"column":21}},"66":{"start":{"line":67,"column":0},"end":{"line":67,"column":38}},"67":{"start":{"line":68,"column":0},"end":{"line":68,"column":13}},"68":{"start":{"line":69,"column":0},"end":{"line":69,"column":0}},"69":{"start":{"line":70,"column":0},"end":{"line":70,"column":19}},"70":{"start":{"line":71,"column":0},"end":{"line":71,"column":39}},"71":{"start":{"line":72,"column":0},"end":{"line":72,"column":13}},"72":{"start":{"line":73,"column":0},"end":{"line":73,"column":0}},"73":{"start":{"line":74,"column":0},"end":{"line":74,"column":16}},"74":{"start":{"line":75,"column":0},"end":{"line":75,"column":44}},"75":{"start":{"line":76,"column":0},"end":{"line":76,"column":34}},"76":{"start":{"line":77,"column":0},"end":{"line":77,"column":34}},"77":{"start":{"line":78,"column":0},"end":{"line":78,"column":13}},"78":{"start":{"line":79,"column":0},"end":{"line":79,"column":0}},"79":{"start":{"line":80,"column":0},"end":{"line":80,"column":20}},"80":{"start":{"line":81,"column":0},"end":{"line":81,"column":30}},"81":{"start":{"line":82,"column":0},"end":{"line":82,"column":36}},"82":{"start":{"line":83,"column":0},"end":{"line":83,"column":39}},"83":{"start":{"line":84,"column":0},"end":{"line":84,"column":33}},"84":{"start":{"line":85,"column":0},"end":{"line":85,"column":28}},"85":{"start":{"line":86,"column":0},"end":{"line":86,"column":13}},"86":{"start":{"line":87,"column":0},"end":{"line":87,"column":0}},"87":{"start":{"line":88,"column":0},"end":{"line":88,"column":38}},"88":{"start":{"line":89,"column":0},"end":{"line":89,"column":30}},"89":{"start":{"line":90,"column":0},"end":{"line":90,"column":29}},"90":{"start":{"line":91,"column":0},"end":{"line":91,"column":38}},"91":{"start":{"line":92,"column":0},"end":{"line":92,"column":32}},"92":{"start":{"line":93,"column":0},"end":{"line":93,"column":35}},"93":{"start":{"line":94,"column":0},"end":{"line":94,"column":31}},"94":{"start":{"line":95,"column":0},"end":{"line":95,"column":105}},"95":{"start":{"line":96,"column":0},"end":{"line":96,"column":86}},"96":{"start":{"line":97,"column":0},"end":{"line":97,"column":13}},"97":{"start":{"line":98,"column":0},"end":{"line":98,"column":0}},"98":{"start":{"line":99,"column":0},"end":{"line":99,"column":22}},"99":{"start":{"line":100,"column":0},"end":{"line":100,"column":33}},"100":{"start":{"line":101,"column":0},"end":{"line":101,"column":13}},"101":{"start":{"line":102,"column":0},"end":{"line":102,"column":10}},"102":{"start":{"line":103,"column":0},"end":{"line":103,"column":5}},"103":{"start":{"line":104,"column":0},"end":{"line":104,"column":0}},"104":{"start":{"line":105,"column":0},"end":{"line":105,"column":17}},"105":{"start":{"line":106,"column":0},"end":{"line":106,"column":13}},"106":{"start":{"line":107,"column":0},"end":{"line":107,"column":15}},"107":{"start":{"line":108,"column":0},"end":{"line":108,"column":13}},"108":{"start":{"line":109,"column":0},"end":{"line":109,"column":18}},"109":{"start":{"line":110,"column":0},"end":{"line":110,"column":18}},"110":{"start":{"line":111,"column":0},"end":{"line":111,"column":27}},"111":{"start":{"line":112,"column":0},"end":{"line":112,"column":25}},"112":{"start":{"line":113,"column":0},"end":{"line":113,"column":23}},"113":{"start":{"line":114,"column":0},"end":{"line":114,"column":17}},"114":{"start":{"line":115,"column":0},"end":{"line":115,"column":13}},"115":{"start":{"line":116,"column":0},"end":{"line":116,"column":16}},"116":{"start":{"line":117,"column":0},"end":{"line":117,"column":41}},"117":{"start":{"line":118,"column":0},"end":{"line":118,"column":35}},"118":{"start":{"line":119,"column":0},"end":{"line":119,"column":31}},"119":{"start":{"line":120,"column":0},"end":{"line":120,"column":35}},"120":{"start":{"line":121,"column":0},"end":{"line":121,"column":41}},"121":{"start":{"line":122,"column":0},"end":{"line":122,"column":61}},"122":{"start":{"line":123,"column":0},"end":{"line":123,"column":0}},"123":{"start":{"line":124,"column":0},"end":{"line":124,"column":71}},"124":{"start":{"line":125,"column":0},"end":{"line":125,"column":65}},"125":{"start":{"line":126,"column":0},"end":{"line":126,"column":47}},"126":{"start":{"line":127,"column":0},"end":{"line":127,"column":5}},"127":{"start":{"line":128,"column":0},"end":{"line":128,"column":0}},"128":{"start":{"line":129,"column":0},"end":{"line":129,"column":14}},"129":{"start":{"line":130,"column":0},"end":{"line":130,"column":32}},"130":{"start":{"line":131,"column":0},"end":{"line":131,"column":39}},"131":{"start":{"line":132,"column":0},"end":{"line":132,"column":114}},"132":{"start":{"line":133,"column":0},"end":{"line":133,"column":28}},"133":{"start":{"line":134,"column":0},"end":{"line":134,"column":42}},"134":{"start":{"line":135,"column":0},"end":{"line":135,"column":0}},"135":{"start":{"line":136,"column":0},"end":{"line":136,"column":37}},"136":{"start":{"line":137,"column":0},"end":{"line":137,"column":91}},"137":{"start":{"line":138,"column":0},"end":{"line":138,"column":100}},"138":{"start":{"line":139,"column":0},"end":{"line":139,"column":77}},"139":{"start":{"line":140,"column":0},"end":{"line":140,"column":6}},"140":{"start":{"line":141,"column":0},"end":{"line":141,"column":0}},"141":{"start":{"line":142,"column":0},"end":{"line":142,"column":47}},"142":{"start":{"line":143,"column":0},"end":{"line":143,"column":104}},"143":{"start":{"line":144,"column":0},"end":{"line":144,"column":64}},"144":{"start":{"line":145,"column":0},"end":{"line":145,"column":6}},"145":{"start":{"line":146,"column":0},"end":{"line":146,"column":0}},"146":{"start":{"line":147,"column":0},"end":{"line":147,"column":46}},"147":{"start":{"line":148,"column":0},"end":{"line":148,"column":40}},"148":{"start":{"line":149,"column":0},"end":{"line":149,"column":37}},"149":{"start":{"line":150,"column":0},"end":{"line":150,"column":22}},"150":{"start":{"line":151,"column":0},"end":{"line":151,"column":41}},"151":{"start":{"line":152,"column":0},"end":{"line":152,"column":40}},"152":{"start":{"line":153,"column":0},"end":{"line":153,"column":31}},"153":{"start":{"line":154,"column":0},"end":{"line":154,"column":18}},"154":{"start":{"line":155,"column":0},"end":{"line":155,"column":23}},"155":{"start":{"line":156,"column":0},"end":{"line":156,"column":65}},"156":{"start":{"line":157,"column":0},"end":{"line":157,"column":44}},"157":{"start":{"line":158,"column":0},"end":{"line":158,"column":58}},"158":{"start":{"line":159,"column":0},"end":{"line":159,"column":23}},"159":{"start":{"line":160,"column":0},"end":{"line":160,"column":25}},"160":{"start":{"line":161,"column":0},"end":{"line":161,"column":11}},"161":{"start":{"line":162,"column":0},"end":{"line":162,"column":5}},"162":{"start":{"line":163,"column":0},"end":{"line":163,"column":0}},"163":{"start":{"line":164,"column":0},"end":{"line":164,"column":69}},"164":{"start":{"line":165,"column":0},"end":{"line":165,"column":65}},"165":{"start":{"line":166,"column":0},"end":{"line":166,"column":5}},"166":{"start":{"line":167,"column":0},"end":{"line":167,"column":0}},"167":{"start":{"line":168,"column":0},"end":{"line":168,"column":22}},"168":{"start":{"line":169,"column":0},"end":{"line":169,"column":0}},"169":{"start":{"line":170,"column":0},"end":{"line":170,"column":26}},"170":{"start":{"line":171,"column":0},"end":{"line":171,"column":70}},"171":{"start":{"line":172,"column":0},"end":{"line":172,"column":66}},"172":{"start":{"line":173,"column":0},"end":{"line":173,"column":53}},"173":{"start":{"line":174,"column":0},"end":{"line":174,"column":6}},"174":{"start":{"line":175,"column":0},"end":{"line":175,"column":0}},"175":{"start":{"line":176,"column":0},"end":{"line":176,"column":22}},"176":{"start":{"line":177,"column":0},"end":{"line":177,"column":20}},"177":{"start":{"line":178,"column":0},"end":{"line":178,"column":0}},"178":{"start":{"line":179,"column":0},"end":{"line":179,"column":67}},"179":{"start":{"line":180,"column":0},"end":{"line":180,"column":34}},"180":{"start":{"line":181,"column":0},"end":{"line":181,"column":66}},"181":{"start":{"line":182,"column":0},"end":{"line":182,"column":23}},"182":{"start":{"line":183,"column":0},"end":{"line":183,"column":59}},"183":{"start":{"line":184,"column":0},"end":{"line":184,"column":66}},"184":{"start":{"line":185,"column":0},"end":{"line":185,"column":9}},"185":{"start":{"line":186,"column":0},"end":{"line":186,"column":0}},"186":{"start":{"line":187,"column":0},"end":{"line":187,"column":46}},"187":{"start":{"line":188,"column":0},"end":{"line":188,"column":6}},"188":{"start":{"line":189,"column":0},"end":{"line":189,"column":0}},"189":{"start":{"line":190,"column":0},"end":{"line":190,"column":11}},"190":{"start":{"line":191,"column":0},"end":{"line":191,"column":30}},"191":{"start":{"line":192,"column":0},"end":{"line":192,"column":24}},"192":{"start":{"line":193,"column":0},"end":{"line":193,"column":0}},"193":{"start":{"line":194,"column":0},"end":{"line":194,"column":45}},"194":{"start":{"line":195,"column":0},"end":{"line":195,"column":85}},"195":{"start":{"line":196,"column":0},"end":{"line":196,"column":48}},"196":{"start":{"line":197,"column":0},"end":{"line":197,"column":0}},"197":{"start":{"line":198,"column":0},"end":{"line":198,"column":19}},"198":{"start":{"line":199,"column":0},"end":{"line":199,"column":0}},"199":{"start":{"line":200,"column":0},"end":{"line":200,"column":59}},"200":{"start":{"line":201,"column":0},"end":{"line":201,"column":38}},"201":{"start":{"line":202,"column":0},"end":{"line":202,"column":19}},"202":{"start":{"line":203,"column":0},"end":{"line":203,"column":66}},"203":{"start":{"line":204,"column":0},"end":{"line":204,"column":0}},"204":{"start":{"line":205,"column":0},"end":{"line":205,"column":44}},"205":{"start":{"line":206,"column":0},"end":{"line":206,"column":33}},"206":{"start":{"line":207,"column":0},"end":{"line":207,"column":37}},"207":{"start":{"line":208,"column":0},"end":{"line":208,"column":52}},"208":{"start":{"line":209,"column":0},"end":{"line":209,"column":0}},"209":{"start":{"line":210,"column":0},"end":{"line":210,"column":42}},"210":{"start":{"line":211,"column":0},"end":{"line":211,"column":59}},"211":{"start":{"line":212,"column":0},"end":{"line":212,"column":56}},"212":{"start":{"line":213,"column":0},"end":{"line":213,"column":45}},"213":{"start":{"line":214,"column":0},"end":{"line":214,"column":55}},"214":{"start":{"line":215,"column":0},"end":{"line":215,"column":80}},"215":{"start":{"line":216,"column":0},"end":{"line":216,"column":58}},"216":{"start":{"line":217,"column":0},"end":{"line":217,"column":56}},"217":{"start":{"line":218,"column":0},"end":{"line":218,"column":9}},"218":{"start":{"line":219,"column":0},"end":{"line":219,"column":0}},"219":{"start":{"line":220,"column":0},"end":{"line":220,"column":28}},"220":{"start":{"line":221,"column":0},"end":{"line":221,"column":86}},"221":{"start":{"line":222,"column":0},"end":{"line":222,"column":83}},"222":{"start":{"line":223,"column":0},"end":{"line":223,"column":76}},"223":{"start":{"line":224,"column":0},"end":{"line":224,"column":53}},"224":{"start":{"line":225,"column":0},"end":{"line":225,"column":115}},"225":{"start":{"line":226,"column":0},"end":{"line":226,"column":67}},"226":{"start":{"line":227,"column":0},"end":{"line":227,"column":64}},"227":{"start":{"line":228,"column":0},"end":{"line":228,"column":0}},"228":{"start":{"line":229,"column":0},"end":{"line":229,"column":57}},"229":{"start":{"line":230,"column":0},"end":{"line":230,"column":47}},"230":{"start":{"line":231,"column":0},"end":{"line":231,"column":24}},"231":{"start":{"line":232,"column":0},"end":{"line":232,"column":33}},"232":{"start":{"line":233,"column":0},"end":{"line":233,"column":35}},"233":{"start":{"line":234,"column":0},"end":{"line":234,"column":33}},"234":{"start":{"line":235,"column":0},"end":{"line":235,"column":14}},"235":{"start":{"line":236,"column":0},"end":{"line":236,"column":0}},"236":{"start":{"line":237,"column":0},"end":{"line":237,"column":107}},"237":{"start":{"line":238,"column":0},"end":{"line":238,"column":104}},"238":{"start":{"line":239,"column":0},"end":{"line":239,"column":0}},"239":{"start":{"line":240,"column":0},"end":{"line":240,"column":78}},"240":{"start":{"line":241,"column":0},"end":{"line":241,"column":0}},"241":{"start":{"line":242,"column":0},"end":{"line":242,"column":34}},"242":{"start":{"line":243,"column":0},"end":{"line":243,"column":34}},"243":{"start":{"line":244,"column":0},"end":{"line":244,"column":71}},"244":{"start":{"line":245,"column":0},"end":{"line":245,"column":13}},"245":{"start":{"line":246,"column":0},"end":{"line":246,"column":0}},"246":{"start":{"line":247,"column":0},"end":{"line":247,"column":32}},"247":{"start":{"line":248,"column":0},"end":{"line":248,"column":32}},"248":{"start":{"line":249,"column":0},"end":{"line":249,"column":110}},"249":{"start":{"line":250,"column":0},"end":{"line":250,"column":13}},"250":{"start":{"line":251,"column":0},"end":{"line":251,"column":0}},"251":{"start":{"line":252,"column":0},"end":{"line":252,"column":94}},"252":{"start":{"line":253,"column":0},"end":{"line":253,"column":0}},"253":{"start":{"line":254,"column":0},"end":{"line":254,"column":24}},"254":{"start":{"line":255,"column":0},"end":{"line":255,"column":11}},"255":{"start":{"line":256,"column":0},"end":{"line":256,"column":6}},"256":{"start":{"line":257,"column":0},"end":{"line":257,"column":0}},"257":{"start":{"line":258,"column":0},"end":{"line":258,"column":21}},"258":{"start":{"line":259,"column":0},"end":{"line":259,"column":44}},"259":{"start":{"line":260,"column":0},"end":{"line":260,"column":0}},"260":{"start":{"line":261,"column":0},"end":{"line":261,"column":50}},"261":{"start":{"line":262,"column":0},"end":{"line":262,"column":37}},"262":{"start":{"line":263,"column":0},"end":{"line":263,"column":141}},"263":{"start":{"line":264,"column":0},"end":{"line":264,"column":57}},"264":{"start":{"line":265,"column":0},"end":{"line":265,"column":46}},"265":{"start":{"line":266,"column":0},"end":{"line":266,"column":77}},"266":{"start":{"line":267,"column":0},"end":{"line":267,"column":29}},"267":{"start":{"line":268,"column":0},"end":{"line":268,"column":47}},"268":{"start":{"line":269,"column":0},"end":{"line":269,"column":52}},"269":{"start":{"line":270,"column":0},"end":{"line":270,"column":77}},"270":{"start":{"line":271,"column":0},"end":{"line":271,"column":65}},"271":{"start":{"line":272,"column":0},"end":{"line":272,"column":25}},"272":{"start":{"line":273,"column":0},"end":{"line":273,"column":21}},"273":{"start":{"line":274,"column":0},"end":{"line":274,"column":19}},"274":{"start":{"line":275,"column":0},"end":{"line":275,"column":15}},"275":{"start":{"line":276,"column":0},"end":{"line":276,"column":11}},"276":{"start":{"line":277,"column":0},"end":{"line":277,"column":0}},"277":{"start":{"line":278,"column":0},"end":{"line":278,"column":44}},"278":{"start":{"line":279,"column":0},"end":{"line":279,"column":32}},"279":{"start":{"line":280,"column":0},"end":{"line":280,"column":33}},"280":{"start":{"line":281,"column":0},"end":{"line":281,"column":28}},"281":{"start":{"line":282,"column":0},"end":{"line":282,"column":11}},"282":{"start":{"line":283,"column":0},"end":{"line":283,"column":5}},"283":{"start":{"line":284,"column":0},"end":{"line":284,"column":0}},"284":{"start":{"line":285,"column":0},"end":{"line":285,"column":15}},"285":{"start":{"line":286,"column":0},"end":{"line":286,"column":15}},"286":{"start":{"line":287,"column":0},"end":{"line":287,"column":0}},"287":{"start":{"line":288,"column":0},"end":{"line":288,"column":21}},"288":{"start":{"line":289,"column":0},"end":{"line":289,"column":32}},"289":{"start":{"line":290,"column":0},"end":{"line":290,"column":35}},"290":{"start":{"line":291,"column":0},"end":{"line":291,"column":0}},"291":{"start":{"line":292,"column":0},"end":{"line":292,"column":26}},"292":{"start":{"line":293,"column":0},"end":{"line":293,"column":42}},"293":{"start":{"line":294,"column":0},"end":{"line":294,"column":16}},"294":{"start":{"line":295,"column":0},"end":{"line":295,"column":34}},"295":{"start":{"line":296,"column":0},"end":{"line":296,"column":107}},"296":{"start":{"line":297,"column":0},"end":{"line":297,"column":45}},"297":{"start":{"line":298,"column":0},"end":{"line":298,"column":18}},"298":{"start":{"line":299,"column":0},"end":{"line":299,"column":28}},"299":{"start":{"line":300,"column":0},"end":{"line":300,"column":10}},"300":{"start":{"line":301,"column":0},"end":{"line":301,"column":0}},"301":{"start":{"line":302,"column":0},"end":{"line":302,"column":52}},"302":{"start":{"line":303,"column":0},"end":{"line":303,"column":6}},"303":{"start":{"line":304,"column":0},"end":{"line":304,"column":0}},"304":{"start":{"line":305,"column":0},"end":{"line":305,"column":20}},"305":{"start":{"line":306,"column":0},"end":{"line":306,"column":48}},"306":{"start":{"line":307,"column":0},"end":{"line":307,"column":40}},"307":{"start":{"line":308,"column":0},"end":{"line":308,"column":21}},"308":{"start":{"line":309,"column":0},"end":{"line":309,"column":41}},"309":{"start":{"line":310,"column":0},"end":{"line":310,"column":25}},"310":{"start":{"line":311,"column":0},"end":{"line":311,"column":36}},"311":{"start":{"line":312,"column":0},"end":{"line":312,"column":17}},"312":{"start":{"line":313,"column":0},"end":{"line":313,"column":14}},"313":{"start":{"line":314,"column":0},"end":{"line":314,"column":51}},"314":{"start":{"line":315,"column":0},"end":{"line":315,"column":0}},"315":{"start":{"line":316,"column":0},"end":{"line":316,"column":34}},"316":{"start":{"line":317,"column":0},"end":{"line":317,"column":0}},"317":{"start":{"line":318,"column":0},"end":{"line":318,"column":48}},"318":{"start":{"line":319,"column":0},"end":{"line":319,"column":41}},"319":{"start":{"line":320,"column":0},"end":{"line":320,"column":37}},"320":{"start":{"line":321,"column":0},"end":{"line":321,"column":27}},"321":{"start":{"line":322,"column":0},"end":{"line":322,"column":18}},"322":{"start":{"line":323,"column":0},"end":{"line":323,"column":10}},"323":{"start":{"line":324,"column":0},"end":{"line":324,"column":0}},"324":{"start":{"line":325,"column":0},"end":{"line":325,"column":99}},"325":{"start":{"line":326,"column":0},"end":{"line":326,"column":44}},"326":{"start":{"line":327,"column":0},"end":{"line":327,"column":45}},"327":{"start":{"line":328,"column":0},"end":{"line":328,"column":89}},"328":{"start":{"line":329,"column":0},"end":{"line":329,"column":58}},"329":{"start":{"line":330,"column":0},"end":{"line":330,"column":74}},"330":{"start":{"line":331,"column":0},"end":{"line":331,"column":47}},"331":{"start":{"line":332,"column":0},"end":{"line":332,"column":11}},"332":{"start":{"line":333,"column":0},"end":{"line":333,"column":5}},"333":{"start":{"line":334,"column":0},"end":{"line":334,"column":0}},"334":{"start":{"line":335,"column":0},"end":{"line":335,"column":18}},"335":{"start":{"line":336,"column":0},"end":{"line":336,"column":14}},"336":{"start":{"line":337,"column":0},"end":{"line":337,"column":31}},"337":{"start":{"line":338,"column":0},"end":{"line":338,"column":0}},"338":{"start":{"line":339,"column":0},"end":{"line":339,"column":54}},"339":{"start":{"line":340,"column":0},"end":{"line":340,"column":0}},"340":{"start":{"line":341,"column":0},"end":{"line":341,"column":82}},"341":{"start":{"line":342,"column":0},"end":{"line":342,"column":47}},"342":{"start":{"line":343,"column":0},"end":{"line":343,"column":57}},"343":{"start":{"line":344,"column":0},"end":{"line":344,"column":45}},"344":{"start":{"line":345,"column":0},"end":{"line":345,"column":35}},"345":{"start":{"line":346,"column":0},"end":{"line":346,"column":41}},"346":{"start":{"line":347,"column":0},"end":{"line":347,"column":48}},"347":{"start":{"line":348,"column":0},"end":{"line":348,"column":28}},"348":{"start":{"line":349,"column":0},"end":{"line":349,"column":28}},"349":{"start":{"line":350,"column":0},"end":{"line":350,"column":18}},"350":{"start":{"line":351,"column":0},"end":{"line":351,"column":27}},"351":{"start":{"line":352,"column":0},"end":{"line":352,"column":24}},"352":{"start":{"line":353,"column":0},"end":{"line":353,"column":9}},"353":{"start":{"line":354,"column":0},"end":{"line":354,"column":0}},"354":{"start":{"line":355,"column":0},"end":{"line":355,"column":53}},"355":{"start":{"line":356,"column":0},"end":{"line":356,"column":20}},"356":{"start":{"line":357,"column":0},"end":{"line":357,"column":25}},"357":{"start":{"line":358,"column":0},"end":{"line":358,"column":29}},"358":{"start":{"line":359,"column":0},"end":{"line":359,"column":53}},"359":{"start":{"line":360,"column":0},"end":{"line":360,"column":56}},"360":{"start":{"line":361,"column":0},"end":{"line":361,"column":55}},"361":{"start":{"line":362,"column":0},"end":{"line":362,"column":79}},"362":{"start":{"line":363,"column":0},"end":{"line":363,"column":78}},"363":{"start":{"line":364,"column":0},"end":{"line":364,"column":29}},"364":{"start":{"line":365,"column":0},"end":{"line":365,"column":20}},"365":{"start":{"line":366,"column":0},"end":{"line":366,"column":0}},"366":{"start":{"line":367,"column":0},"end":{"line":367,"column":53}},"367":{"start":{"line":368,"column":0},"end":{"line":368,"column":59}},"368":{"start":{"line":369,"column":0},"end":{"line":369,"column":62}},"369":{"start":{"line":370,"column":0},"end":{"line":370,"column":78}},"370":{"start":{"line":371,"column":0},"end":{"line":371,"column":52}},"371":{"start":{"line":372,"column":0},"end":{"line":372,"column":9}},"372":{"start":{"line":373,"column":0},"end":{"line":373,"column":0}},"373":{"start":{"line":374,"column":0},"end":{"line":374,"column":52}},"374":{"start":{"line":375,"column":0},"end":{"line":375,"column":0}},"375":{"start":{"line":376,"column":0},"end":{"line":376,"column":20}},"376":{"start":{"line":377,"column":0},"end":{"line":377,"column":41}},"377":{"start":{"line":378,"column":0},"end":{"line":378,"column":88}},"378":{"start":{"line":379,"column":0},"end":{"line":379,"column":27}},"379":{"start":{"line":380,"column":0},"end":{"line":380,"column":28}},"380":{"start":{"line":381,"column":0},"end":{"line":381,"column":94}},"381":{"start":{"line":382,"column":0},"end":{"line":382,"column":29}},"382":{"start":{"line":383,"column":0},"end":{"line":383,"column":28}},"383":{"start":{"line":384,"column":0},"end":{"line":384,"column":27}},"384":{"start":{"line":385,"column":0},"end":{"line":385,"column":35}},"385":{"start":{"line":386,"column":0},"end":{"line":386,"column":39}},"386":{"start":{"line":387,"column":0},"end":{"line":387,"column":41}},"387":{"start":{"line":388,"column":0},"end":{"line":388,"column":109}},"388":{"start":{"line":389,"column":0},"end":{"line":389,"column":38}},"389":{"start":{"line":390,"column":0},"end":{"line":390,"column":26}},"390":{"start":{"line":391,"column":0},"end":{"line":391,"column":28}},"391":{"start":{"line":392,"column":0},"end":{"line":392,"column":24}},"392":{"start":{"line":393,"column":0},"end":{"line":393,"column":18}},"393":{"start":{"line":394,"column":0},"end":{"line":394,"column":30}},"394":{"start":{"line":395,"column":0},"end":{"line":395,"column":27}},"395":{"start":{"line":396,"column":0},"end":{"line":396,"column":27}},"396":{"start":{"line":397,"column":0},"end":{"line":397,"column":32}},"397":{"start":{"line":398,"column":0},"end":{"line":398,"column":36}},"398":{"start":{"line":399,"column":0},"end":{"line":399,"column":70}},"399":{"start":{"line":400,"column":0},"end":{"line":400,"column":44}},"400":{"start":{"line":401,"column":0},"end":{"line":401,"column":67}},"401":{"start":{"line":402,"column":0},"end":{"line":402,"column":38}},"402":{"start":{"line":403,"column":0},"end":{"line":403,"column":48}},"403":{"start":{"line":404,"column":0},"end":{"line":404,"column":56}},"404":{"start":{"line":405,"column":0},"end":{"line":405,"column":60}},"405":{"start":{"line":406,"column":0},"end":{"line":406,"column":51}},"406":{"start":{"line":407,"column":0},"end":{"line":407,"column":61}},"407":{"start":{"line":408,"column":0},"end":{"line":408,"column":53}},"408":{"start":{"line":409,"column":0},"end":{"line":409,"column":30}},"409":{"start":{"line":410,"column":0},"end":{"line":410,"column":52}},"410":{"start":{"line":411,"column":0},"end":{"line":411,"column":26}},"411":{"start":{"line":412,"column":0},"end":{"line":412,"column":22}},"412":{"start":{"line":413,"column":0},"end":{"line":413,"column":48}},"413":{"start":{"line":414,"column":0},"end":{"line":414,"column":17}},"414":{"start":{"line":415,"column":0},"end":{"line":415,"column":27}},"415":{"start":{"line":416,"column":0},"end":{"line":416,"column":32}},"416":{"start":{"line":417,"column":0},"end":{"line":417,"column":36}},"417":{"start":{"line":418,"column":0},"end":{"line":418,"column":51}},"418":{"start":{"line":419,"column":0},"end":{"line":419,"column":0}},"419":{"start":{"line":420,"column":0},"end":{"line":420,"column":68}},"420":{"start":{"line":421,"column":0},"end":{"line":421,"column":45}},"421":{"start":{"line":422,"column":0},"end":{"line":422,"column":35}},"422":{"start":{"line":423,"column":0},"end":{"line":423,"column":101}},"423":{"start":{"line":424,"column":0},"end":{"line":424,"column":26}},"424":{"start":{"line":425,"column":0},"end":{"line":425,"column":98}},"425":{"start":{"line":426,"column":0},"end":{"line":426,"column":55}},"426":{"start":{"line":427,"column":0},"end":{"line":427,"column":59}},"427":{"start":{"line":428,"column":0},"end":{"line":428,"column":40}},"428":{"start":{"line":429,"column":0},"end":{"line":429,"column":59}},"429":{"start":{"line":430,"column":0},"end":{"line":430,"column":22}},"430":{"start":{"line":431,"column":0},"end":{"line":431,"column":50}},"431":{"start":{"line":432,"column":0},"end":{"line":432,"column":17}},"432":{"start":{"line":433,"column":0},"end":{"line":433,"column":18}},"433":{"start":{"line":434,"column":0},"end":{"line":434,"column":10}},"434":{"start":{"line":435,"column":0},"end":{"line":435,"column":5}},"435":{"start":{"line":436,"column":0},"end":{"line":436,"column":1}},"436":{"start":{"line":437,"column":0},"end":{"line":437,"column":0}},"437":{"start":{"line":438,"column":0},"end":{"line":438,"column":94}}},"s":{"0":1,"1":1,"2":1,"3":1,"4":1,"5":1,"6":1,"7":1,"8":1,"9":1,"10":1,"11":1,"12":1,"13":1,"14":1,"15":1,"16":1,"17":1,"18":1,"19":1,"20":1,"21":1,"22":1,"23":1,"24":1,"25":1,"26":1,"27":1,"28":1,"29":1,"30":1,"31":1,"32":1,"33":1,"34":1,"35":1,"36":1,"37":1,"38":1,"39":1,"40":1,"41":1,"42":1,"43":1,"44":1,"45":1,"46":1,"47":1,"48":1,"49":1,"50":1,"51":1,"52":1,"53":1,"54":1,"55":1,"56":1,"57":1,"58":1,"59":1,"60":1,"61":1,"62":1,"63":1,"64":1,"65":1,"66":1,"67":1,"68":1,"69":1,"70":1,"71":1,"72":1,"73":1,"74":1,"75":1,"76":1,"77":1,"78":1,"79":1,"80":1,"81":1,"82":1,"83":1,"84":1,"85":1,"86":1,"87":1,"88":1,"89":1,"90":1,"91":1,"92":1,"93":1,"94":1,"95":1,"96":1,"97":1,"98":1,"99":1,"100":1,"101":1,"102":1,"103":1,"104":1,"105":1,"106":1,"107":1,"108":1,"109":1,"110":1,"111":1,"112":1,"113":1,"114":1,"115":1,"116":1,"117":1,"118":1,"119":1,"120":1,"121":1,"122":1,"123":1,"124":1,"125":1,"126":1,"127":1,"128":1,"129":1,"130":3,"131":3,"132":1,"133":1,"134":1,"135":1,"136":2,"137":2,"138":2,"139":1,"140":1,"141":1,"142":2,"143":2,"144":1,"145":1,"146":1,"147":4,"148":4,"149":4,"150":4,"151":0,"152":0,"153":4,"154":4,"155":4,"156":0,"157":4,"158":4,"159":4,"160":4,"161":4,"162":1,"163":1,"164":2,"165":2,"166":1,"167":1,"168":1,"169":1,"170":2,"171":2,"172":2,"173":1,"174":1,"175":1,"176":2,"177":2,"178":2,"179":2,"180":2,"181":1,"182":0,"183":0,"184":0,"185":2,"186":2,"187":1,"188":1,"189":1,"190":1,"191":1,"192":1,"193":1,"194":4,"195":4,"196":4,"197":4,"198":4,"199":4,"200":4,"201":4,"202":4,"203":4,"204":4,"205":4,"206":4,"207":4,"208":4,"209":4,"210":4,"211":4,"212":4,"213":0,"214":0,"215":0,"216":0,"217":0,"218":4,"219":4,"220":4,"221":4,"222":4,"223":4,"224":4,"225":4,"226":4,"227":4,"228":4,"229":4,"230":4,"231":4,"232":4,"233":4,"234":4,"235":4,"236":4,"237":4,"238":4,"239":4,"240":4,"241":4,"242":0,"243":0,"244":0,"245":4,"246":4,"247":1,"248":1,"249":1,"250":4,"251":4,"252":4,"253":4,"254":4,"255":1,"256":1,"257":1,"258":2,"259":2,"260":2,"261":4,"262":4,"263":4,"264":4,"265":4,"266":4,"267":4,"268":12,"269":12,"270":2,"271":12,"272":4,"273":4,"274":4,"275":2,"276":2,"277":2,"278":2,"279":2,"280":2,"281":2,"282":2,"283":1,"284":1,"285":1,"286":1,"287":1,"288":0,"289":0,"290":0,"291":0,"292":0,"293":0,"294":0,"295":0,"296":0,"297":0,"298":0,"299":0,"300":0,"301":0,"302":1,"303":1,"304":1,"305":0,"306":0,"307":0,"308":0,"309":0,"310":0,"311":0,"312":0,"313":0,"314":0,"315":0,"316":0,"317":0,"318":0,"319":0,"320":0,"321":0,"322":0,"323":0,"324":0,"325":0,"326":0,"327":0,"328":0,"329":0,"330":0,"331":0,"332":0,"333":1,"334":1,"335":1,"336":2,"337":2,"338":2,"339":2,"340":2,"341":2,"342":0,"343":0,"344":0,"345":0,"346":0,"347":0,"348":0,"349":0,"350":0,"351":0,"352":0,"353":2,"354":2,"355":2,"356":2,"357":2,"358":2,"359":0,"360":0,"361":0,"362":0,"363":0,"364":2,"365":2,"366":2,"367":2,"368":0,"369":0,"370":0,"371":0,"372":2,"373":2,"374":2,"375":2,"376":2,"377":2,"378":2,"379":2,"380":2,"381":2,"382":2,"383":2,"384":2,"385":2,"386":4,"387":4,"388":4,"389":2,"390":2,"391":2,"392":2,"393":2,"394":2,"395":2,"396":2,"397":2,"398":0,"399":0,"400":0,"401":0,"402":0,"403":0,"404":0,"405":0,"406":0,"407":0,"408":0,"409":0,"410":0,"411":2,"412":2,"413":2,"414":2,"415":2,"416":2,"417":0,"418":0,"419":0,"420":0,"421":0,"422":0,"423":0,"424":0,"425":0,"426":0,"427":0,"428":0,"429":2,"430":2,"431":2,"432":2,"433":2,"434":2,"435":1,"436":1,"437":1},"branchMap":{"0":{"type":"branch","line":11,"loc":{"start":{"line":11,"column":7},"end":{"line":436,"column":1}},"locations":[{"start":{"line":11,"column":7},"end":{"line":436,"column":1}}]},"1":{"type":"branch","line":12,"loc":{"start":{"line":12,"column":11},"end":{"line":103,"column":5}},"locations":[{"start":{"line":12,"column":11},"end":{"line":103,"column":5}}]},"2":{"type":"branch","line":105,"loc":{"start":{"line":105,"column":4},"end":{"line":127,"column":5}},"locations":[{"start":{"line":105,"column":4},"end":{"line":127,"column":5}}]},"3":{"type":"branch","line":118,"loc":{"start":{"line":118,"column":29},"end":{"line":118,"column":34}},"locations":[{"start":{"line":118,"column":29},"end":{"line":118,"column":34}}]},"4":{"type":"branch","line":119,"loc":{"start":{"line":119,"column":25},"end":{"line":119,"column":30}},"locations":[{"start":{"line":119,"column":25},"end":{"line":119,"column":30}}]},"5":{"type":"branch","line":122,"loc":{"start":{"line":122,"column":53},"end":{"line":122,"column":60}},"locations":[{"start":{"line":122,"column":53},"end":{"line":122,"column":60}}]},"6":{"type":"branch","line":130,"loc":{"start":{"line":130,"column":22},"end":{"line":133,"column":27}},"locations":[{"start":{"line":130,"column":22},"end":{"line":133,"column":27}}]},"7":{"type":"branch","line":131,"loc":{"start":{"line":131,"column":14},"end":{"line":131,"column":39}},"locations":[{"start":{"line":131,"column":14},"end":{"line":131,"column":39}}]},"8":{"type":"branch","line":132,"loc":{"start":{"line":132,"column":12},"end":{"line":132,"column":114}},"locations":[{"start":{"line":132,"column":12},"end":{"line":132,"column":114}}]},"9":{"type":"branch","line":133,"loc":{"start":{"line":133,"column":12},"end":{"line":133,"column":27}},"locations":[{"start":{"line":133,"column":12},"end":{"line":133,"column":27}}]},"10":{"type":"branch","line":132,"loc":{"start":{"line":132,"column":43},"end":{"line":132,"column":112}},"locations":[{"start":{"line":132,"column":43},"end":{"line":132,"column":112}}]},"11":{"type":"branch","line":132,"loc":{"start":{"line":132,"column":74},"end":{"line":132,"column":111}},"locations":[{"start":{"line":132,"column":74},"end":{"line":132,"column":111}}]},"12":{"type":"branch","line":136,"loc":{"start":{"line":136,"column":27},"end":{"line":140,"column":5}},"locations":[{"start":{"line":136,"column":27},"end":{"line":140,"column":5}}]},"13":{"type":"branch","line":137,"loc":{"start":{"line":137,"column":46},"end":{"line":137,"column":82}},"locations":[{"start":{"line":137,"column":46},"end":{"line":137,"column":82}}]},"14":{"type":"branch","line":138,"loc":{"start":{"line":138,"column":22},"end":{"line":138,"column":100}},"locations":[{"start":{"line":138,"column":22},"end":{"line":138,"column":100}}]},"15":{"type":"branch","line":142,"loc":{"start":{"line":142,"column":20},"end":{"line":145,"column":5}},"locations":[{"start":{"line":142,"column":20},"end":{"line":145,"column":5}}]},"16":{"type":"branch","line":143,"loc":{"start":{"line":143,"column":25},"end":{"line":143,"column":104}},"locations":[{"start":{"line":143,"column":25},"end":{"line":143,"column":104}}]},"17":{"type":"branch","line":147,"loc":{"start":{"line":147,"column":4},"end":{"line":162,"column":5}},"locations":[{"start":{"line":147,"column":4},"end":{"line":162,"column":5}}]},"18":{"type":"branch","line":149,"loc":{"start":{"line":149,"column":24},"end":{"line":161,"column":9}},"locations":[{"start":{"line":149,"column":24},"end":{"line":161,"column":9}}]},"19":{"type":"branch","line":151,"loc":{"start":{"line":151,"column":40},"end":{"line":154,"column":13}},"locations":[{"start":{"line":151,"column":40},"end":{"line":154,"column":13}}]},"20":{"type":"branch","line":156,"loc":{"start":{"line":156,"column":50},"end":{"line":156,"column":61}},"locations":[{"start":{"line":156,"column":50},"end":{"line":156,"column":61}}]},"21":{"type":"branch","line":156,"loc":{"start":{"line":156,"column":63},"end":{"line":158,"column":55}},"locations":[{"start":{"line":156,"column":63},"end":{"line":158,"column":55}}]},"22":{"type":"branch","line":158,"loc":{"start":{"line":158,"column":56},"end":{"line":159,"column":22}},"locations":[{"start":{"line":158,"column":56},"end":{"line":159,"column":22}}]},"23":{"type":"branch","line":164,"loc":{"start":{"line":164,"column":4},"end":{"line":166,"column":5}},"locations":[{"start":{"line":164,"column":4},"end":{"line":166,"column":5}}]},"24":{"type":"branch","line":165,"loc":{"start":{"line":165,"column":24},"end":{"line":165,"column":63}},"locations":[{"start":{"line":165,"column":24},"end":{"line":165,"column":63}}]},"25":{"type":"branch","line":170,"loc":{"start":{"line":170,"column":19},"end":{"line":174,"column":5}},"locations":[{"start":{"line":170,"column":19},"end":{"line":174,"column":5}}]},"26":{"type":"branch","line":176,"loc":{"start":{"line":176,"column":15},"end":{"line":188,"column":5}},"locations":[{"start":{"line":176,"column":15},"end":{"line":188,"column":5}}]},"27":{"type":"branch","line":181,"loc":{"start":{"line":181,"column":23},"end":{"line":185,"column":9}},"locations":[{"start":{"line":181,"column":23},"end":{"line":185,"column":9}}]},"28":{"type":"branch","line":181,"loc":{"start":{"line":181,"column":49},"end":{"line":181,"column":65}},"locations":[{"start":{"line":181,"column":49},"end":{"line":181,"column":65}}]},"29":{"type":"branch","line":182,"loc":{"start":{"line":182,"column":22},"end":{"line":185,"column":9}},"locations":[{"start":{"line":182,"column":22},"end":{"line":185,"column":9}}]},"30":{"type":"branch","line":187,"loc":{"start":{"line":187,"column":21},"end":{"line":187,"column":46}},"locations":[{"start":{"line":187,"column":21},"end":{"line":187,"column":46}}]},"31":{"type":"branch","line":194,"loc":{"start":{"line":194,"column":20},"end":{"line":256,"column":5}},"locations":[{"start":{"line":194,"column":20},"end":{"line":256,"column":5}}]},"32":{"type":"branch","line":195,"loc":{"start":{"line":195,"column":19},"end":{"line":195,"column":46}},"locations":[{"start":{"line":195,"column":19},"end":{"line":195,"column":46}}]},"33":{"type":"branch","line":195,"loc":{"start":{"line":195,"column":48},"end":{"line":195,"column":60}},"locations":[{"start":{"line":195,"column":48},"end":{"line":195,"column":60}}]},"34":{"type":"branch","line":196,"loc":{"start":{"line":196,"column":36},"end":{"line":196,"column":48}},"locations":[{"start":{"line":196,"column":36},"end":{"line":196,"column":48}}]},"35":{"type":"branch","line":200,"loc":{"start":{"line":200,"column":53},"end":{"line":200,"column":58}},"locations":[{"start":{"line":200,"column":53},"end":{"line":200,"column":58}}]},"36":{"type":"branch","line":203,"loc":{"start":{"line":203,"column":43},"end":{"line":203,"column":64}},"locations":[{"start":{"line":203,"column":43},"end":{"line":203,"column":64}}]},"37":{"type":"branch","line":208,"loc":{"start":{"line":208,"column":36},"end":{"line":208,"column":52}},"locations":[{"start":{"line":208,"column":36},"end":{"line":208,"column":52}}]},"38":{"type":"branch","line":211,"loc":{"start":{"line":211,"column":38},"end":{"line":211,"column":59}},"locations":[{"start":{"line":211,"column":38},"end":{"line":211,"column":59}}]},"39":{"type":"branch","line":212,"loc":{"start":{"line":212,"column":36},"end":{"line":212,"column":56}},"locations":[{"start":{"line":212,"column":36},"end":{"line":212,"column":56}}]},"40":{"type":"branch","line":213,"loc":{"start":{"line":213,"column":9},"end":{"line":218,"column":9}},"locations":[{"start":{"line":213,"column":9},"end":{"line":218,"column":9}}]},"41":{"type":"branch","line":221,"loc":{"start":{"line":221,"column":19},"end":{"line":221,"column":47}},"locations":[{"start":{"line":221,"column":19},"end":{"line":221,"column":47}}]},"42":{"type":"branch","line":221,"loc":{"start":{"line":221,"column":48},"end":{"line":221,"column":85}},"locations":[{"start":{"line":221,"column":48},"end":{"line":221,"column":85}}]},"43":{"type":"branch","line":222,"loc":{"start":{"line":222,"column":12},"end":{"line":222,"column":83}},"locations":[{"start":{"line":222,"column":12},"end":{"line":222,"column":83}}]},"44":{"type":"branch","line":225,"loc":{"start":{"line":225,"column":12},"end":{"line":225,"column":115}},"locations":[{"start":{"line":225,"column":12},"end":{"line":225,"column":115}}]},"45":{"type":"branch","line":230,"loc":{"start":{"line":230,"column":40},"end":{"line":255,"column":9}},"locations":[{"start":{"line":230,"column":40},"end":{"line":255,"column":9}}]},"46":{"type":"branch","line":237,"loc":{"start":{"line":237,"column":51},"end":{"line":237,"column":101}},"locations":[{"start":{"line":237,"column":51},"end":{"line":237,"column":101}}]},"47":{"type":"branch","line":237,"loc":{"start":{"line":237,"column":102},"end":{"line":237,"column":106}},"locations":[{"start":{"line":237,"column":102},"end":{"line":237,"column":106}}]},"48":{"type":"branch","line":238,"loc":{"start":{"line":238,"column":49},"end":{"line":238,"column":98}},"locations":[{"start":{"line":238,"column":49},"end":{"line":238,"column":98}}]},"49":{"type":"branch","line":238,"loc":{"start":{"line":238,"column":99},"end":{"line":238,"column":103}},"locations":[{"start":{"line":238,"column":99},"end":{"line":238,"column":103}}]},"50":{"type":"branch","line":240,"loc":{"start":{"line":240,"column":34},"end":{"line":240,"column":78}},"locations":[{"start":{"line":240,"column":34},"end":{"line":240,"column":78}}]},"51":{"type":"branch","line":242,"loc":{"start":{"line":242,"column":33},"end":{"line":245,"column":13}},"locations":[{"start":{"line":242,"column":33},"end":{"line":245,"column":13}}]},"52":{"type":"branch","line":247,"loc":{"start":{"line":247,"column":31},"end":{"line":250,"column":13}},"locations":[{"start":{"line":247,"column":31},"end":{"line":250,"column":13}}]},"53":{"type":"branch","line":252,"loc":{"start":{"line":252,"column":46},"end":{"line":252,"column":55}},"locations":[{"start":{"line":252,"column":46},"end":{"line":252,"column":55}}]},"54":{"type":"branch","line":237,"loc":{"start":{"line":237,"column":67},"end":{"line":237,"column":100}},"locations":[{"start":{"line":237,"column":67},"end":{"line":237,"column":100}}]},"55":{"type":"branch","line":238,"loc":{"start":{"line":238,"column":66},"end":{"line":238,"column":97}},"locations":[{"start":{"line":238,"column":66},"end":{"line":238,"column":97}}]},"56":{"type":"branch","line":249,"loc":{"start":{"line":249,"column":40},"end":{"line":249,"column":56}},"locations":[{"start":{"line":249,"column":40},"end":{"line":249,"column":56}}]},"57":{"type":"branch","line":258,"loc":{"start":{"line":258,"column":4},"end":{"line":283,"column":5}},"locations":[{"start":{"line":258,"column":4},"end":{"line":283,"column":5}}]},"58":{"type":"branch","line":261,"loc":{"start":{"line":261,"column":39},"end":{"line":276,"column":9}},"locations":[{"start":{"line":261,"column":39},"end":{"line":276,"column":9}}]},"59":{"type":"branch","line":262,"loc":{"start":{"line":262,"column":25},"end":{"line":275,"column":13}},"locations":[{"start":{"line":262,"column":25},"end":{"line":275,"column":13}}]},"60":{"type":"branch","line":264,"loc":{"start":{"line":264,"column":46},"end":{"line":274,"column":17}},"locations":[{"start":{"line":264,"column":46},"end":{"line":274,"column":17}}]},"61":{"type":"branch","line":265,"loc":{"start":{"line":265,"column":39},"end":{"line":265,"column":46}},"locations":[{"start":{"line":265,"column":39},"end":{"line":265,"column":46}}]},"62":{"type":"branch","line":268,"loc":{"start":{"line":268,"column":46},"end":{"line":272,"column":25}},"locations":[{"start":{"line":268,"column":46},"end":{"line":272,"column":25}}]},"63":{"type":"branch","line":270,"loc":{"start":{"line":270,"column":53},"end":{"line":270,"column":77}},"locations":[{"start":{"line":270,"column":53},"end":{"line":270,"column":77}}]},"64":{"type":"branch","line":271,"loc":{"start":{"line":271,"column":-1},"end":{"line":271,"column":65}},"locations":[{"start":{"line":271,"column":-1},"end":{"line":271,"column":65}}]},"65":{"type":"branch","line":278,"loc":{"start":{"line":278,"column":37},"end":{"line":282,"column":9}},"locations":[{"start":{"line":278,"column":37},"end":{"line":282,"column":9}}]},"66":{"type":"branch","line":336,"loc":{"start":{"line":336,"column":4},"end":{"line":435,"column":5}},"locations":[{"start":{"line":336,"column":4},"end":{"line":435,"column":5}}]},"67":{"type":"branch","line":342,"loc":{"start":{"line":342,"column":46},"end":{"line":353,"column":9}},"locations":[{"start":{"line":342,"column":46},"end":{"line":353,"column":9}}]},"68":{"type":"branch","line":368,"loc":{"start":{"line":368,"column":38},"end":{"line":368,"column":56}},"locations":[{"start":{"line":368,"column":38},"end":{"line":368,"column":56}}]},"69":{"type":"branch","line":368,"loc":{"start":{"line":368,"column":58},"end":{"line":372,"column":9}},"locations":[{"start":{"line":368,"column":58},"end":{"line":372,"column":9}}]},"70":{"type":"branch","line":381,"loc":{"start":{"line":381,"column":39},"end":{"line":381,"column":92}},"locations":[{"start":{"line":381,"column":39},"end":{"line":381,"column":92}}]},"71":{"type":"branch","line":386,"loc":{"start":{"line":386,"column":28},"end":{"line":389,"column":38}},"locations":[{"start":{"line":386,"column":28},"end":{"line":389,"column":38}}]},"72":{"type":"branch","line":388,"loc":{"start":{"line":388,"column":46},"end":{"line":388,"column":107}},"locations":[{"start":{"line":388,"column":46},"end":{"line":388,"column":107}}]}},"b":{"0":[1],"1":[1],"2":[1],"3":[0],"4":[0],"5":[0],"6":[3],"7":[2],"8":[2],"9":[1],"10":[2],"11":[2],"12":[2],"13":[0],"14":[0],"15":[2],"16":[0],"17":[4],"18":[4],"19":[0],"20":[0],"21":[0],"22":[0],"23":[2],"24":[4],"25":[2],"26":[2],"27":[1],"28":[0],"29":[0],"30":[1],"31":[4],"32":[0],"33":[0],"34":[0],"35":[0],"36":[0],"37":[0],"38":[0],"39":[0],"40":[0],"41":[0],"42":[0],"43":[0],"44":[0],"45":[4],"46":[1],"47":[3],"48":[1],"49":[3],"50":[0],"51":[0],"52":[1],"53":[0],"54":[1],"55":[1],"56":[1],"57":[2],"58":[4],"59":[4],"60":[4],"61":[0],"62":[12],"63":[10],"64":[2],"65":[2],"66":[2],"67":[0],"68":[0],"69":[0],"70":[2],"71":[4],"72":[4]},"fnMap":{"0":{"name":"<instance_members_initializer>","decl":{"start":{"line":11,"column":7},"end":{"line":436,"column":1}},"loc":{"start":{"line":11,"column":7},"end":{"line":436,"column":1}},"line":11},"1":{"name":"get styles","decl":{"start":{"line":12,"column":11},"end":{"line":103,"column":5}},"loc":{"start":{"line":12,"column":11},"end":{"line":103,"column":5}},"line":12},"2":{"name":"BasicTable","decl":{"start":{"line":105,"column":4},"end":{"line":127,"column":5}},"loc":{"start":{"line":105,"column":4},"end":{"line":127,"column":5}},"line":105},"3":{"name":"#updateRendered","decl":{"start":{"line":130,"column":22},"end":{"line":133,"column":27}},"loc":{"start":{"line":130,"column":22},"end":{"line":133,"column":27}},"line":130},"4":{"name":"#rendered","decl":{"start":{"line":132,"column":74},"end":{"line":132,"column":111}},"loc":{"start":{"line":132,"column":74},"e
[...]
,"end":{"line":38,"column":0}},"38":{"start":{"line":39,"column":0},"end":{"line":39,"column":103}},"39":{"start":{"line":40,"column":0},"end":{"line":40,"column":53}},"40":{"start":{"line":41,"column":0},"end":{"line":41,"column":5}},"41":{"start":{"line":42,"column":0},"end":{"line":42,"column":0}},"42":{"start":{"line":43,"column":0},"end":{"line":43,"column":115}},"43":{"start":{"line":44,"column":0},"end":{"line":44,"column":59}},"44":{"start":{"line":45,"column":0},"end":{"line":45,"column":0}},"45":{"start":{"line":46,"column":0},"end":{"line":46,"column":93}},"46":{"start":{"line":47,"column":0},"end":{"line":47,"column":45}},"47":{"start":{"line":48,"column":0},"end":{"line":48,"column":41}},"48":{"start":{"line":49,"column":0},"end":{"line":49,"column":110}},"49":{"start":{"line":50,"column":0},"end":{"line":50,"column":16}},"50":{"start":{"line":51,"column":0},"end":{"line":51,"column":59}},"51":{"start":{"line":52,"column":0},"end":{"line":52,"column":31}},"52":{"start":{"line":53,"column":0},"end":{"line":53,"column":64}},"53":{"start":{"line":54,"column":0},"end":{"line":54,"column":38}},"54":{"start":{"line":55,"column":0},"end":{"line":55,"column":33}},"55":{"start":{"line":56,"column":0},"end":{"line":56,"column":40}},"56":{"start":{"line":57,"column":0},"end":{"line":57,"column":19}},"57":{"start":{"line":58,"column":0},"end":{"line":58,"column":14}},"58":{"start":{"line":59,"column":0},"end":{"line":59,"column":42}},"59":{"start":{"line":60,"column":0},"end":{"line":60,"column":62}},"60":{"start":{"line":61,"column":0},"end":{"line":61,"column":9}},"61":{"start":{"line":62,"column":0},"end":{"line":62,"column":7}},"62":{"start":{"line":63,"column":0},"end":{"line":63,"column":0}},"63":{"start":{"line":64,"column":0},"end":{"line":64,"column":41}},"64":{"start":{"line":65,"column":0},"end":{"line":65,"column":32}},"65":{"start":{"line":66,"column":0},"end":{"line":66,"column":47}},"66":{"start":{"line":67,"column":0},"end":{"line":67,"column":23}},"67":{"start":{"line":68,"column":0},"end":{"line":68,"column":46}},"68":{"start":{"line":69,"column":0},"end":{"line":69,"column":29}},"69":{"start":{"line":70,"column":0},"end":{"line":70,"column":28}},"70":{"start":{"line":71,"column":0},"end":{"line":71,"column":43}},"71":{"start":{"line":72,"column":0},"end":{"line":72,"column":90}},"72":{"start":{"line":73,"column":0},"end":{"line":73,"column":118}},"73":{"start":{"line":74,"column":0},"end":{"line":74,"column":22}},"74":{"start":{"line":75,"column":0},"end":{"line":75,"column":57}},"75":{"start":{"line":76,"column":0},"end":{"line":76,"column":9}},"76":{"start":{"line":77,"column":0},"end":{"line":77,"column":0}},"77":{"start":{"line":78,"column":0},"end":{"line":78,"column":72}},"78":{"start":{"line":79,"column":0},"end":{"line":79,"column":69}},"79":{"start":{"line":80,"column":0},"end":{"line":80,"column":36}},"80":{"start":{"line":81,"column":0},"end":{"line":81,"column":0}},"81":{"start":{"line":82,"column":0},"end":{"line":82,"column":20}},"82":{"start":{"line":83,"column":0},"end":{"line":83,"column":7}},"83":{"start":{"line":84,"column":0},"end":{"line":84,"column":1}},"84":{"start":{"line":85,"column":0},"end":{"line":85,"column":0}},"85":{"start":{"line":86,"column":0},"end":{"line":86,"column":59}},"86":{"start":{"line":87,"column":0},"end":{"line":87,"column":28}},"87":{"start":{"line":88,"column":0},"end":{"line":88,"column":52}},"88":{"start":{"line":89,"column":0},"end":{"line":89,"column":60}},"89":{"start":{"line":90,"column":0},"end":{"line":90,"column":41}},"90":{"start":{"line":91,"column":0},"end":{"line":91,"column":69}},"91":{"start":{"line":92,"column":0},"end":{"line":92,"column":45}},"92":{"start":{"line":93,"column":0},"end":{"line":93,"column":0}},"93":{"start":{"line":94,"column":0},"end":{"line":94,"column":82}},"94":{"start":{"line":95,"column":0},"end":{"line":95,"column":1}}},"s":{"0":1,"1":1,"2":1,"3":1,"4":1,"5":1,"6":1,"7":8,"8":8,"9":8,"10":8,"11":8,"12":8,"13":8,"14":8,"15":8,"16":24,"17":0,"18":8,"19":8,"20":8,"21":8,"22":8,"23":8,"24":0,"25":0,"26":0,"27":0,"28":0,"29":0,"30":0,"31":0,"32":0,"33":0,"34":0,"35":0,"36":0,"37":0,"38":0,"39":0,"40":0,"41":8,"42":8,"43":8,"44":8,"45":8,"46":8,"47":8,"48":8,"49":8,"50":0,"51":0,"52":0,"53":0,"54":0,"55":0,"56":0,"57":0,"58":0,"59":0,"60":0,"61":8,"62":8,"63":8,"64":8,"65":8,"66":1,"67":1,"68":1,"69":1,"70":1,"71":1,"72":1,"73":1,"74":1,"75":1,"76":7,"77":7,"78":7,"79":8,"80":5,"81":5,"82":8,"83":8,"84":1,"85":1,"86":9,"87":9,"88":9,"89":7,"90":6,"91":6,"92":9,"93":9,"94":9},"branchMap":{"0":{"type":"branch","line":7,"loc":{"start":{"line":7,"column":7},"end":{"line":84,"column":1}},"locations":[{"start":{"line":7,"column":7},"end":{"line":84,"column":1}}]},"1":{"type":"branch","line":24,"loc":{"start":{"line":24,"column":83},"end":{"line":41,"column":5}},"locations":[{"start":{"line":24,"column":83},"end":{"line":41,"column":5}}]},"2":{"type":"branch","line":43,"loc":{"start":{"line":43,"column":48},"end":{"line":43,"column":73}},"locations":[{"start":{"line":43,"column":48},"end":{"line":43,"column":73}}]},"3":{"type":"branch","line":43,"loc":{"start":{"line":43,"column":76},"end":{"line":43,"column":83}},"locations":[{"start":{"line":43,"column":76},"end":{"line":43,"column":83}}]},"4":{"type":"branch","line":16,"loc":{"start":{"line":16,"column":32},"end":{"line":19,"column":5}},"locations":[{"start":{"line":16,"column":32},"end":{"line":19,"column":5}}]},"5":{"type":"branch","line":18,"loc":{"start":{"line":18,"column":-1},"end":{"line":18,"column":20}},"locations":[{"start":{"line":18,"column":-1},"end":{"line":18,"column":20}}]},"6":{"type":"branch","line":47,"loc":{"start":{"line":47,"column":34},"end":{"line":62,"column":5}},"locations":[{"start":{"line":47,"column":34},"end":{"line":62,"column":5}}]},"7":{"type":"branch","line":50,"loc":{"start":{"line":50,"column":9},"end":{"line":61,"column":9}},"locations":[{"start":{"line":50,"column":9},"end":{"line":61,"column":9}}]},"8":{"type":"branch","line":64,"loc":{"start":{"line":64,"column":31},"end":{"line":83,"column":5}},"locations":[{"start":{"line":64,"column":31},"end":{"line":83,"column":5}}]},"9":{"type":"branch","line":66,"loc":{"start":{"line":66,"column":46},"end":{"line":76,"column":9}},"locations":[{"start":{"line":66,"column":46},"end":{"line":76,"column":9}}]},"10":{"type":"branch","line":77,"loc":{"start":{"line":77,"column":-1},"end":{"line":80,"column":21}},"locations":[{"start":{"line":77,"column":-1},"end":{"line":80,"column":21}}]},"11":{"type":"branch","line":80,"loc":{"start":{"line":80,"column":21},"end":{"line":80,"column":36}},"locations":[{"start":{"line":80,"column":21},"end":{"line":80,"column":36}}]},"12":{"type":"branch","line":81,"loc":{"start":{"line":81,"column":-1},"end":{"line":83,"column":4}},"locations":[{"start":{"line":81,"column":-1},"end":{"line":83,"column":4}}]},"13":{"type":"branch","line":66,"loc":{"start":{"line":66,"column":22},"end":{"line":66,"column":43}},"locations":[{"start":{"line":66,"column":22},"end":{"line":66,"column":43}}]},"14":{"type":"branch","line":66,"loc":{"start":{"line":66,"column":34},"end":{"line":66,"column":43}},"locations":[{"start":{"line":66,"column":34},"end":{"line":66,"column":43}}]},"15":{"type":"branch","line":68,"loc":{"start":{"line":68,"column":24},"end":{"line":68,"column":45}},"locations":[{"start":{"line":68,"column":24},"end":{"line":68,"column":45}}]},"16":{"type":"branch","line":69,"loc":{"start":{"line":69,"column":21},"end":{"line":75,"column":17}},"locations":[{"start":{"line":69,"column":21},"end":{"line":75,"column":17}}]},"17":{"type":"branch","line":72,"loc":{"start":{"line":72,"column":37},"end":{"line":72,"column":67}},"locations":[{"start":{"line":72,"column":37},"end":{"line":72,"column":67}}]},"18":{"type":"branch","line":72,"loc":{"start":{"line":72,"column":78},"end":{"line":72,"column":89}},"locations":[{"start":{"line":72,"column":78},"end":{"line":72,"column":89}}]},"19":{"type":"branch","line":79,"loc":{"start":{"line":79,"column":37},"end":{"line":79,"column":67}},"locations":[{"start":{"line":79,"column":37},"end":{"line":79,"column":67}}]},"20":{"type":"branch","line":86,"loc":{"start":{"line":86,"column":7},"end":{"line":95,"column":1}},"locations":[{"start":{"line":86,"column":7},"end":{"line":95,"column":1}}]},"21":{"type":"branch","line":89,"loc":{"start":{"line":89,"column":40},"end":{"line":89,"column":60}},"locations":[{"start":{"line":89,"column":40},"end":{"line":89,"column":60}}]},"22":{"type":"branch","line":90,"loc":{"start":{"line":90,"column":-1},"end":{"line":92,"column":45}},"locations":[{"start":{"line":90,"column":-1},"end":{"line":92,"column":45}}]},"23":{"type":"branch","line":90,"loc":{"start":{"line":90,"column":21},"end":{"line":90,"column":41}},"locations":[{"start":{"line":90,"column":21},"end":{"line":90,"column":41}}]},"24":{"type":"branch","line":91,"loc":{"start":{"line":91,"column":-1},"end":{"line":92,"column":45}},"locations":[{"start":{"line":91,"column":-1},"end":{"line":92,"column":45}}]},"25":{"type":"branch","line":91,"loc":{"start":{"line":91,"column":47},"end":{"line":91,"column":69}},"locations":[{"start":{"line":91,"column":47},"end":{"line":91,"column":69}}]},"26":{"type":"branch","line":92,"loc":{"start":{"line":92,"column":23},"end":{"line":92,"column":45}},"locations":[{"start":{"line":92,"column":23},"end":{"line":92,"column":45}}]},"27":{"type":"branch","line":94,"loc":{"start":{"line":94,"column":35},"end":{"line":94,"column":82}},"locations":[{"start":{"line":94,"column":35},"end":{"line":94,"column":82}}]},"28":{"type":"branch","line":88,"loc":{"start":{"line":88,"column":35},"end":{"line":88,"column":50}},"locations":[{"start":{"line":88,"column":35},"end":{"line":88,"column":50}}]}},"b":{"0":[8],"1":[0],"2":[0],"3":[0],"4":[24],"5":[0],"6":[8],"7":[0],"8":[8],"9":[1],"10":[7],"11":[2],"12":[5],"13":[8],"14":[6],"15":[1],"16":[1],"17":[0],"18":[0],"19":[7],"20":[9],"21":[2],"22":[7],"23":[1],"24":[6],"25":[0],"26":[0],"27":[5],"28":[6]},"fnMap":{"0":{"name":"validateOnChange","decl":{"start":{"line":7,"column":7},"end":{"line":84,"column":1}},"loc":{"start":{"line":7,"column":7},"end":{"line":84,"column":1}},"line":7},"1":{"name":"checkStatus","decl":{"start":{"line":86,"column":7},"end":{"line":95,"column":1}},"loc":{"start":{"line":86,"column":7},"end":{"line":95,"column":1}},"line":86}},"f":{"0":8,"1":9}}
,"/Users/garrettflynn/Documents/Github/nwb-guide/src/renderer/src/validation/validation.ts": {"path":"/Users/garrettflynn/Documents/Github/nwb-guide/src/renderer/src/validation/validation.ts","all":false,"statementMap":{"0":{"start":{"line":1,"column":0},"end":{"line":1,"column":38}},"1":{"start":{"line":2,"column":0},"end":{"line":2,"column":61}},"2":{"start":{"line":3,"column":0},"end":{"line":3,"column":0}},"3":{"start":{"line":4,"column":0},"end":{"line":4,"column":64}},"4":{"start":{"line":5,"column":0},"end":{"line":5,"column":45}},"5":{"start":{"line":6,"column":0},"end":{"line":6,"column":75}},"6":{"start":{"line":7,"column":0},"end":{"line":7,"column":38}},"7":{"start":{"line":8,"column":0},"end":{"line":8,"column":34}},"8":{"start":{"line":9,"column":0},"end":{"line":9,"column":53}},"9":{"start":{"line":10,"column":0},"end":{"line":10,"column":18}},"10":{"start":{"line":11,"column":0},"end":{"line":11,"column":1}},"11":{"start":{"line":12,"column":0},"end":{"line":12,"column":0}},"12":{"start":{"line":13,"column":0},"end":{"line":13,"column":37}},"13":{"start":{"line":14,"column":0},"end":{"line":14,"column":92}},"14":{"start":{"line":15,"column":0},"end":{"line":15,"column":64}},"15":{"start":{"line":16,"column":0},"end":{"line":16,"column":51}},"16":{"start":{"line":17,"column":0},"end":{"line":17,"column":10}},"17":{"start":{"line":18,"column":0},"end":{"line":18,"column":16}},"18":{"start":{"line":19,"column":0},"end":{"line":19,"column":13}},"19":{"start":{"line":20,"column":0},"end":{"line":20,"column":46}},"20":{"start":{"line":21,"column":0},"end":{"line":21,"column":29}},"21":{"start":{"line":22,"column":0},"end":{"line":22,"column":13}},"22":{"start":{"line":23,"column":0},"end":{"line":23,"column":9}},"23":{"start":{"line":24,"column":0},"end":{"line":24,"column":5}},"24":{"start":{"line":25,"column":0},"end":{"line":25,"column":1}},"25":{"start":{"line":26,"column":0},"end":{"line":26,"column":0}},"26":{"start":{"line":27,"column":0},"end":{"line":27,"column":0}},"27":{"start":{"line":28,"column":0},"end":{"line":28,"column":65}},"28":{"start":{"line":29,"column":0},"end":{"line":29,"column":96}},"29":{"start":{"line":30,"column":0},"end":{"line":30,"column":78}},"30":{"start":{"line":31,"column":0},"end":{"line":31,"column":0}},"31":{"start":{"line":32,"column":0},"end":{"line":32,"column":76}},"32":{"start":{"line":33,"column":0},"end":{"line":33,"column":0}},"33":{"start":{"line":34,"column":0},"end":{"line":34,"column":51}},"34":{"start":{"line":35,"column":0},"end":{"line":35,"column":22}},"35":{"start":{"line":36,"column":0},"end":{"line":36,"column":58}},"36":{"start":{"line":37,"column":0},"end":{"line":37,"column":9}},"37":{"start":{"line":38,"column":0},"end":{"line":38,"column":5}},"38":{"start":{"line":39,"column":0},"end":{"line":39,"column":1}},"39":{"start":{"line":40,"column":0},"end":{"line":40,"column":0}},"40":{"start":{"line":41,"column":0},"end":{"line":41,"column":92}},"41":{"start":{"line":42,"column":0},"end":{"line":42,"column":0}},"42":{"start":{"line":43,"column":0},"end":{"line":43,"column":71}},"43":{"start":{"line":44,"column":0},"end":{"line":44,"column":0}},"44":{"start":{"line":45,"column":0},"end":{"line":45,"column":50}},"45":{"start":{"line":46,"column":0},"end":{"line":46,"column":10}},"46":{"start":{"line":47,"column":0},"end":{"line":47,"column":16}},"47":{"start":{"line":48,"column":0},"end":{"line":48,"column":13}},"48":{"start":{"line":49,"column":0},"end":{"line":49,"column":50}},"49":{"start":{"line":50,"column":0},"end":{"line":50,"column":29}},"50":{"start":{"line":51,"column":0},"end":{"line":51,"column":13}},"51":{"start":{"line":52,"column":0},"end":{"line":52,"column":9}},"52":{"start":{"line":53,"column":0},"end":{"line":53,"column":5}},"53":{"start":{"line":54,"column":0},"end":{"line":54,"column":1}},"54":{"start":{"line":55,"column":0},"end":{"line":55,"column":0}},"55":{"start":{"line":56,"column":0},"end":{"line":56,"column":0}},"56":{"start":{"line":57,"column":0},"end":{"line":57,"column":110}},"57":{"start":{"line":58,"column":0},"end":{"line":58,"column":35}},"58":{"start":{"line":59,"column":0},"end":{"line":59,"column":62}},"59":{"start":{"line":60,"column":0},"end":{"line":60,"column":0}},"60":{"start":{"line":61,"column":0},"end":{"line":61,"column":35}},"61":{"start":{"line":62,"column":0},"end":{"line":62,"column":50}},"62":{"start":{"line":63,"column":0},"end":{"line":63,"column":0}},"63":{"start":{"line":64,"column":0},"end":{"line":64,"column":114}},"64":{"start":{"line":65,"column":0},"end":{"line":65,"column":74}},"65":{"start":{"line":66,"column":0},"end":{"line":66,"column":96}},"66":{"start":{"line":67,"column":0},"end":{"line":67,"column":127}},"67":{"start":{"line":68,"column":0},"end":{"line":68,"column":9}},"68":{"start":{"line":69,"column":0},"end":{"line":69,"column":0}},"69":{"start":{"line":70,"column":0},"end":{"line":70,"column":179}},"70":{"start":{"line":71,"column":0},"end":{"line":71,"column":19}},"71":{"start":{"line":72,"column":0},"end":{"line":72,"column":5}},"72":{"start":{"line":73,"column":0},"end":{"line":73,"column":1}},"73":{"start":{"line":74,"column":0},"end":{"line":74,"column":0}},"74":{"start":{"line":75,"column":0},"end":{"line":75,"column":75}},"75":{"start":{"line":76,"column":0},"end":{"line":76,"column":70}},"76":{"start":{"line":77,"column":0},"end":{"line":77,"column":86}},"77":{"start":{"line":78,"column":0},"end":{"line":78,"column":90}},"78":{"start":{"line":79,"column":0},"end":{"line":79,"column":9}},"79":{"start":{"line":80,"column":0},"end":{"line":80,"column":42}},"80":{"start":{"line":81,"column":0},"end":{"line":81,"column":25}},"81":{"start":{"line":82,"column":0},"end":{"line":82,"column":9}},"82":{"start":{"line":83,"column":0},"end":{"line":83,"column":5}},"83":{"start":{"line":84,"column":0},"end":{"line":84,"column":1}},"84":{"start":{"line":85,"column":0},"end":{"line":85,"column":0}},"85":{"start":{"line":86,"column":0},"end":{"line":86,"column":21}}},"s":{"0":1,"1":1,"2":1,"3":2,"4":2,"5":2,"6":2,"7":2,"8":2,"9":2,"10":2,"11":1,"12":1,"13":1,"14":0,"15":0,"16":0,"17":0,"18":0,"19":0,"20":0,"21":0,"22":0,"23":0,"24":0,"25":1,"26":1,"27":1,"28":1,"29":4,"30":4,"31":4,"32":4,"33":4,"34":2,"35":2,"36":2,"37":2,"38":4,"39":1,"40":1,"41":4,"42":4,"43":4,"44":4,"45":1,"46":1,"47":1,"48":1,"49":1,"50":1,"51":1,"52":1,"53":4,"54":1,"55":1,"56":1,"57":1,"58":1,"59":0,"60":0,"61":0,"62":0,"63":0,"64":0,"65":0,"66":0,"67":0,"68":0,"69":0,"70":0,"71":0,"72":1,"73":1,"74":1,"75":1,"76":1,"77":0,"78":0,"79":0,"80":0,"81":0,"82":0,"83":0,"84":1,"85":1},"branchMap":{"0":{"type":"branch","line":4,"loc":{"start":{"line":4,"column":0},"end":{"line":11,"column":1}},"locations":[{"start":{"line":4,"column":0},"end":{"line":11,"column":1}}]},"1":{"type":"branch","line":29,"loc":{"start":{"line":29,"column":37},"end":{"line":39,"column":1}},"locations":[{"start":{"line":29,"column":37},"end":{"line":39,"column":1}}]},"2":{"type":"branch","line":34,"loc":{"start":{"line":34,"column":50},"end":{"line":38,"column":5}},"locations":[{"start":{"line":34,"column":50},"end":{"line":38,"column":5}}]},"3":{"type":"branch","line":30,"loc":{"start":{"line":30,"column":66},"end":{"line":30,"column":77}},"locations":[{"start":{"line":30,"column":66},"end":{"line":30,"column":77}}]},"4":{"type":"branch","line":35,"loc":{"start":{"line":35,"column":15},"end":{"line":37,"column":9}},"locations":[{"start":{"line":35,"column":15},"end":{"line":37,"column":9}}]},"5":{"type":"branch","line":41,"loc":{"start":{"line":41,"column":39},"end":{"line":54,"column":1}},"locations":[{"start":{"line":41,"column":39},"end":{"line":54,"column":1}}]},"6":{"type":"branch","line":45,"loc":{"start":{"line":45,"column":39},"end":{"line":45,"column":50}},"locations":[{"start":{"line":45,"column":39},"end":{"line":45,"column":50}}]},"7":{"type":"branch","line":45,"loc":{"start":{"line":45,"column":46},"end":{"line":53,"column":5}},"locations":[{"start":{"line":45,"column":46},"end":{"line":53,"column":5}}]},"8":{"type":"branch","line":43,"loc":{"start":{"line":43,"column":59},"end":{"line":43,"column":70}},"locations":[{"start":{"line":43,"column":59},"end":{"line":43,"column":70}}]}},"b":{"0":[2],"1":[4],"2":[2],"3":[4],"4":[2],"5":[4],"6":[3],"7":[1],"8":[6]},"fnMap":{"0":{"name":"rerender","decl":{"start":{"line":4,"column":0},"end":{"line":11,"column":1}},"loc":{"start":{"line":4,"column":0},"end":{"line":11,"column":1}},"line":4},"1":{"name":"__vite_ssr_import_0__.default.Ecephys.ElectrodeGroup.device","decl":{"start":{"line":14,"column":39},"end":{"line":25,"column":1}},"loc":{"start":{"line":14,"column":39},"end":{"line":25,"column":1}},"line":14},"2":{"name":"__vite_ssr_import_0__.default.Ecephys.ElectrodeGroup.name","decl":{"start":{"line":29,"column":37},"end":{"line":39,"column":1}},"loc":{"start":{"line":29,"column":37},"end":{"line":39,"column":1}},"line":29},"3":{"name":"__vite_ssr_import_0__.default.Ecephys.Electrodes.group_name","decl":{"start":{"line":41,"column":39},"end":{"line":54,"column":1}},"loc":{"start":{"line":41,"column":39},"end":{"line":54,"column":1}},"line":41},"4":{"name":"*","decl":{"start":{"line":59,"column":9},"end":{"line":72,"column":5}},"loc":{"start":{"line":59,"column":9},"end":{"line":72,"column":5}},"line":59},"5":{"name":"__vite_ssr_import_0__.default.Ecephys.Electrodes.*","decl":{"start":{"line":77,"column":33},"end":{"line":84,"column":1}},"loc":{"start":{"line":77,"column":33},"end":{"line":84,"column":1}},"line":77}},"f":{"0":2,"1":0,"2":4,"3":4,"4":0,"5":0}}
}
